2022/02/03 09:44:50 main.go:15: test
2022/02/03 09:48:03 main.go:15: test
2022/02/03 09:48:14 main.go:15: test
2022/02/03 09:48:17 main.go:15: test
2022/02/03 09:48:19 main.go:15: test
2022/02/03 10:51:04 main.go:15: test
2022/02/03 10:52:19 main.go:15: test
2022/02/04 09:17:41 users.go:33: sql: converting argument $1 type: unsupported type func() uuid.UUID, a func
2022/02/04 09:18:14 users.go:33: sql: converting argument $1 type: unsupported type func() uuid.UUID, a func
2022/02/04 09:43:00 users.go:33: sql: converting argument $1 type: unsupported type func() uuid.UUID, a func
2022/02/05 09:27:12 server.go:3160: http: panic serving 127.0.0.1:56463: open app/vies/templates/layout.html: no such file or directory
goroutine 7 [running]:
net/http.(*conn).serve.func1()
	/usr/local/go/src/net/http/server.go:1802 +0xb9
panic({0x44758a0, 0xc000115740})
	/usr/local/go/src/runtime/panic.go:1047 +0x266
html/template.Must(...)
	/usr/local/go/src/html/template/template.go:374
todo/app/controllers.generateHTML({0x453b7d8, 0xc0001720e0}, {0x44543e0, 0x4531aa0}, {0xc00012da18, 0x2, 0xc000172120})
	/Users/naoya/desktop/MyGo/src/todo_app/app/controllers/server.go:16 +0xf9
todo/app/controllers.top({0x453b7d8, 0xc0001720e0}, 0x0)
	/Users/naoya/desktop/MyGo/src/todo_app/app/controllers/route_main.go:8 +0x76
net/http.HandlerFunc.ServeHTTP(0x0, {0x453b7d8, 0xc0001720e0}, 0x0)
	/usr/local/go/src/net/http/server.go:2047 +0x2f
net/http.(*ServeMux).ServeHTTP(0x0, {0x453b7d8, 0xc0001720e0}, 0xc00016a100)
	/usr/local/go/src/net/http/server.go:2425 +0x149
net/http.serverHandler.ServeHTTP({0xc000115620}, {0x453b7d8, 0xc0001720e0}, 0xc00016a100)
	/usr/local/go/src/net/http/server.go:2879 +0x43b
net/http.(*conn).serve(0xc000125360, {0x453d0a0, 0xc000115530})
	/usr/local/go/src/net/http/server.go:1930 +0xb08
created by net/http.(*Server).Serve
	/usr/local/go/src/net/http/server.go:3034 +0x4e8
2022/02/05 09:27:13 server.go:3160: http: panic serving 127.0.0.1:56464: open app/vies/templates/layout.html: no such file or directory
goroutine 18 [running]:
net/http.(*conn).serve.func1()
	/usr/local/go/src/net/http/server.go:1802 +0xb9
panic({0x44758a0, 0xc000115830})
	/usr/local/go/src/runtime/panic.go:1047 +0x266
html/template.Must(...)
	/usr/local/go/src/html/template/template.go:374
todo/app/controllers.generateHTML({0x453b7d8, 0xc0001721c0}, {0x44543e0, 0x4531aa0}, {0xc000061a18, 0x2, 0xc000172200})
	/Users/naoya/desktop/MyGo/src/todo_app/app/controllers/server.go:16 +0xf9
todo/app/controllers.top({0x453b7d8, 0xc0001721c0}, 0x0)
	/Users/naoya/desktop/MyGo/src/todo_app/app/controllers/route_main.go:8 +0x76
net/http.HandlerFunc.ServeHTTP(0x0, {0x453b7d8, 0xc0001721c0}, 0x0)
	/usr/local/go/src/net/http/server.go:2047 +0x2f
net/http.(*ServeMux).ServeHTTP(0x0, {0x453b7d8, 0xc0001721c0}, 0xc0000a6000)
	/usr/local/go/src/net/http/server.go:2425 +0x149
net/http.serverHandler.ServeHTTP({0xc000096090}, {0x453b7d8, 0xc0001721c0}, 0xc0000a6000)
	/usr/local/go/src/net/http/server.go:2879 +0x43b
net/http.(*conn).serve(0xc00009a000, {0x453d0a0, 0xc000115530})
	/usr/local/go/src/net/http/server.go:1930 +0xb08
created by net/http.(*Server).Serve
	/usr/local/go/src/net/http/server.go:3034 +0x4e8
2022/02/05 09:27:13 server.go:3160: http: panic serving 127.0.0.1:56465: open app/vies/templates/layout.html: no such file or directory
goroutine 34 [running]:
net/http.(*conn).serve.func1()
	/usr/local/go/src/net/http/server.go:1802 +0xb9
panic({0x44758a0, 0xc000204150})
	/usr/local/go/src/runtime/panic.go:1047 +0x266
html/template.Must(...)
	/usr/local/go/src/html/template/template.go:374
todo/app/controllers.generateHTML({0x453b7d8, 0xc000232000}, {0x44543e0, 0x4531aa0}, {0xc000212a18, 0x2, 0xc000232040})
	/Users/naoya/desktop/MyGo/src/todo_app/app/controllers/server.go:16 +0xf9
todo/app/controllers.top({0x453b7d8, 0xc000232000}, 0x0)
	/Users/naoya/desktop/MyGo/src/todo_app/app/controllers/route_main.go:8 +0x76
net/http.HandlerFunc.ServeHTTP(0x0, {0x453b7d8, 0xc000232000}, 0x0)
	/usr/local/go/src/net/http/server.go:2047 +0x2f
net/http.(*ServeMux).ServeHTTP(0x0, {0x453b7d8, 0xc000232000}, 0xc00021c000)
	/usr/local/go/src/net/http/server.go:2425 +0x149
net/http.serverHandler.ServeHTTP({0xc000204090}, {0x453b7d8, 0xc000232000}, 0xc00021c000)
	/usr/local/go/src/net/http/server.go:2879 +0x43b
net/http.(*conn).serve(0xc000208000, {0x453d0a0, 0xc000115530})
	/usr/local/go/src/net/http/server.go:1930 +0xb08
created by net/http.(*Server).Serve
	/usr/local/go/src/net/http/server.go:3034 +0x4e8
2022/02/05 09:27:16 server.go:3160: http: panic serving 127.0.0.1:56466: open app/vies/templates/layout.html: no such file or directory
goroutine 19 [running]:
net/http.(*conn).serve.func1()
	/usr/local/go/src/net/http/server.go:1802 +0xb9
panic({0x44758a0, 0xc000096270})
	/usr/local/go/src/runtime/panic.go:1047 +0x266
html/template.Must(...)
	/usr/local/go/src/html/template/template.go:374
todo/app/controllers.generateHTML({0x453b7d8, 0xc0000bc000}, {0x44543e0, 0x4531aa0}, {0xc000062a18, 0x2, 0xc0000bc040})
	/Users/naoya/desktop/MyGo/src/todo_app/app/controllers/server.go:16 +0xf9
todo/app/controllers.top({0x453b7d8, 0xc0000bc000}, 0x0)
	/Users/naoya/desktop/MyGo/src/todo_app/app/controllers/route_main.go:8 +0x76
net/http.HandlerFunc.ServeHTTP(0x0, {0x453b7d8, 0xc0000bc000}, 0x0)
	/usr/local/go/src/net/http/server.go:2047 +0x2f
net/http.(*ServeMux).ServeHTTP(0x0, {0x453b7d8, 0xc0000bc000}, 0xc0000a6100)
	/usr/local/go/src/net/http/server.go:2425 +0x149
net/http.serverHandler.ServeHTTP({0xc000096180}, {0x453b7d8, 0xc0000bc000}, 0xc0000a6100)
	/usr/local/go/src/net/http/server.go:2879 +0x43b
net/http.(*conn).serve(0xc00009a0a0, {0x453d0a0, 0xc000115530})
	/usr/local/go/src/net/http/server.go:1930 +0xb08
created by net/http.(*Server).Serve
	/usr/local/go/src/net/http/server.go:3034 +0x4e8
2022/02/05 09:27:18 server.go:3160: http: panic serving 127.0.0.1:56467: open app/vies/templates/layout.html: no such file or directory
goroutine 10 [running]:
net/http.(*conn).serve.func1()
	/usr/local/go/src/net/http/server.go:1802 +0xb9
panic({0x44758a0, 0xc000115b00})
	/usr/local/go/src/runtime/panic.go:1047 +0x266
html/template.Must(...)
	/usr/local/go/src/html/template/template.go:374
todo/app/controllers.generateHTML({0x453b7d8, 0xc0001722a0}, {0x44543e0, 0x4531aa0}, {0xc000061a18, 0x2, 0xc0001722e0})
	/Users/naoya/desktop/MyGo/src/todo_app/app/controllers/server.go:16 +0xf9
todo/app/controllers.top({0x453b7d8, 0xc0001722a0}, 0x0)
	/Users/naoya/desktop/MyGo/src/todo_app/app/controllers/route_main.go:8 +0x76
net/http.HandlerFunc.ServeHTTP(0x0, {0x453b7d8, 0xc0001722a0}, 0x0)
	/usr/local/go/src/net/http/server.go:2047 +0x2f
net/http.(*ServeMux).ServeHTTP(0x0, {0x453b7d8, 0xc0001722a0}, 0xc00016a200)
	/usr/local/go/src/net/http/server.go:2425 +0x149
net/http.serverHandler.ServeHTTP({0xc000115950}, {0x453b7d8, 0xc0001722a0}, 0xc00016a200)
	/usr/local/go/src/net/http/server.go:2879 +0x43b
net/http.(*conn).serve(0xc000125400, {0x453d0a0, 0xc000115530})
	/usr/local/go/src/net/http/server.go:1930 +0xb08
created by net/http.(*Server).Serve
	/usr/local/go/src/net/http/server.go:3034 +0x4e8
2022/02/05 09:27:18 server.go:3160: http: panic serving 127.0.0.1:56468: open app/vies/templates/layout.html: no such file or directory
goroutine 11 [running]:
net/http.(*conn).serve.func1()
	/usr/local/go/src/net/http/server.go:1802 +0xb9
panic({0x44758a0, 0xc000204240})
	/usr/local/go/src/runtime/panic.go:1047 +0x266
html/template.Must(...)
	/usr/local/go/src/html/template/template.go:374
todo/app/controllers.generateHTML({0x453b7d8, 0xc0002320e0}, {0x44543e0, 0x4531aa0}, {0xc000065a18, 0x2, 0xc000232120})
	/Users/naoya/desktop/MyGo/src/todo_app/app/controllers/server.go:16 +0xf9
todo/app/controllers.top({0x453b7d8, 0xc0002320e0}, 0x0)
	/Users/naoya/desktop/MyGo/src/todo_app/app/controllers/route_main.go:8 +0x76
net/http.HandlerFunc.ServeHTTP(0x0, {0x453b7d8, 0xc0002320e0}, 0x0)
	/usr/local/go/src/net/http/server.go:2047 +0x2f
net/http.(*ServeMux).ServeHTTP(0x0, {0x453b7d8, 0xc0002320e0}, 0xc00016a300)
	/usr/local/go/src/net/http/server.go:2425 +0x149
net/http.serverHandler.ServeHTTP({0xc000115a10}, {0x453b7d8, 0xc0002320e0}, 0xc00016a300)
	/usr/local/go/src/net/http/server.go:2879 +0x43b
net/http.(*conn).serve(0xc0001254a0, {0x453d0a0, 0xc000115530})
	/usr/local/go/src/net/http/server.go:1930 +0xb08
created by net/http.(*Server).Serve
	/usr/local/go/src/net/http/server.go:3034 +0x4e8
2022/02/05 09:27:18 server.go:3160: http: panic serving 127.0.0.1:56469: open app/vies/templates/layout.html: no such file or directory
goroutine 13 [running]:
net/http.(*conn).serve.func1()
	/usr/local/go/src/net/http/server.go:1802 +0xb9
panic({0x44758a0, 0xc000115c80})
	/usr/local/go/src/runtime/panic.go:1047 +0x266
html/template.Must(...)
	/usr/local/go/src/html/template/template.go:374
todo/app/controllers.generateHTML({0x453b7d8, 0xc000172380}, {0x44543e0, 0x4531aa0}, {0xc000061a18, 0x2, 0xc0001723c0})
	/Users/naoya/desktop/MyGo/src/todo_app/app/controllers/server.go:16 +0xf9
todo/app/controllers.top({0x453b7d8, 0xc000172380}, 0x0)
	/Users/naoya/desktop/MyGo/src/todo_app/app/controllers/route_main.go:8 +0x76
net/http.HandlerFunc.ServeHTTP(0x0, {0x453b7d8, 0xc000172380}, 0x0)
	/usr/local/go/src/net/http/server.go:2047 +0x2f
net/http.(*ServeMux).ServeHTTP(0x0, {0x453b7d8, 0xc000172380}, 0xc00016a400)
	/usr/local/go/src/net/http/server.go:2425 +0x149
net/http.serverHandler.ServeHTTP({0xc000115bc0}, {0x453b7d8, 0xc000172380}, 0xc00016a400)
	/usr/local/go/src/net/http/server.go:2879 +0x43b
net/http.(*conn).serve(0xc000125540, {0x453d0a0, 0xc000115530})
	/usr/local/go/src/net/http/server.go:1930 +0xb08
created by net/http.(*Server).Serve
	/usr/local/go/src/net/http/server.go:3034 +0x4e8
2022/02/05 09:27:18 server.go:3160: http: panic serving 127.0.0.1:56470: open app/vies/templates/layout.html: no such file or directory
goroutine 37 [running]:
net/http.(*conn).serve.func1()
	/usr/local/go/src/net/http/server.go:1802 +0xb9
panic({0x44758a0, 0xc000204420})
	/usr/local/go/src/runtime/panic.go:1047 +0x266
html/template.Must(...)
	/usr/local/go/src/html/template/template.go:374
todo/app/controllers.generateHTML({0x453b7d8, 0xc0002321c0}, {0x44543e0, 0x4531aa0}, {0xc000065a18, 0x2, 0xc000232200})
	/Users/naoya/desktop/MyGo/src/todo_app/app/controllers/server.go:16 +0xf9
todo/app/controllers.top({0x453b7d8, 0xc0002321c0}, 0x0)
	/Users/naoya/desktop/MyGo/src/todo_app/app/controllers/route_main.go:8 +0x76
net/http.HandlerFunc.ServeHTTP(0x0, {0x453b7d8, 0xc0002321c0}, 0x0)
	/usr/local/go/src/net/http/server.go:2047 +0x2f
net/http.(*ServeMux).ServeHTTP(0x0, {0x453b7d8, 0xc0002321c0}, 0xc00021c100)
	/usr/local/go/src/net/http/server.go:2425 +0x149
net/http.serverHandler.ServeHTTP({0xc000204360}, {0x453b7d8, 0xc0002321c0}, 0xc00021c100)
	/usr/local/go/src/net/http/server.go:2879 +0x43b
net/http.(*conn).serve(0xc0002080a0, {0x453d0a0, 0xc000115530})
	/usr/local/go/src/net/http/server.go:1930 +0xb08
created by net/http.(*Server).Serve
	/usr/local/go/src/net/http/server.go:3034 +0x4e8
2022/02/05 09:27:23 server.go:3160: http: panic serving 127.0.0.1:56471: open app/vies/templates/layout.html: no such file or directory
goroutine 21 [running]:
net/http.(*conn).serve.func1()
	/usr/local/go/src/net/http/server.go:1802 +0xb9
panic({0x44758a0, 0xc0000963f0})
	/usr/local/go/src/runtime/panic.go:1047 +0x266
html/template.Must(...)
	/usr/local/go/src/html/template/template.go:374
todo/app/controllers.generateHTML({0x453b7d8, 0xc0000bc1c0}, {0x44543e0, 0x4531aa0}, {0xc000062a18, 0x2, 0xc0000bc200})
	/Users/naoya/desktop/MyGo/src/todo_app/app/controllers/server.go:16 +0xf9
todo/app/controllers.top({0x453b7d8, 0xc0000bc1c0}, 0x0)
	/Users/naoya/desktop/MyGo/src/todo_app/app/controllers/route_main.go:8 +0x76
net/http.HandlerFunc.ServeHTTP(0x0, {0x453b7d8, 0xc0000bc1c0}, 0x0)
	/usr/local/go/src/net/http/server.go:2047 +0x2f
net/http.(*ServeMux).ServeHTTP(0x0, {0x453b7d8, 0xc0000bc1c0}, 0xc0000a6200)
	/usr/local/go/src/net/http/server.go:2425 +0x149
net/http.serverHandler.ServeHTTP({0xc000096330}, {0x453b7d8, 0xc0000bc1c0}, 0xc0000a6200)
	/usr/local/go/src/net/http/server.go:2879 +0x43b
net/http.(*conn).serve(0xc00009a140, {0x453d0a0, 0xc000115530})
	/usr/local/go/src/net/http/server.go:1930 +0xb08
created by net/http.(*Server).Serve
	/usr/local/go/src/net/http/server.go:3034 +0x4e8
2022/02/05 09:27:40 server.go:3160: http: panic serving 127.0.0.1:56480: open app/vies/templates/layout.html: no such file or directory
goroutine 7 [running]:
net/http.(*conn).serve.func1()
	/usr/local/go/src/net/http/server.go:1802 +0xb9
panic({0x44758a0, 0xc000111740})
	/usr/local/go/src/runtime/panic.go:1047 +0x266
html/template.Must(...)
	/usr/local/go/src/html/template/template.go:374
todo/app/controllers.generateHTML({0x453b7d8, 0xc0001720e0}, {0x44543e0, 0x4531aa0}, {0xc00012ba18, 0x2, 0xc000172120})
	/Users/naoya/desktop/MyGo/src/todo_app/app/controllers/server.go:16 +0xf9
todo/app/controllers.top({0x453b7d8, 0xc0001720e0}, 0x0)
	/Users/naoya/desktop/MyGo/src/todo_app/app/controllers/route_main.go:8 +0x76
net/http.HandlerFunc.ServeHTTP(0x0, {0x453b7d8, 0xc0001720e0}, 0x0)
	/usr/local/go/src/net/http/server.go:2047 +0x2f
net/http.(*ServeMux).ServeHTTP(0x0, {0x453b7d8, 0xc0001720e0}, 0xc00016a100)
	/usr/local/go/src/net/http/server.go:2425 +0x149
net/http.serverHandler.ServeHTTP({0xc000111620}, {0x453b7d8, 0xc0001720e0}, 0xc00016a100)
	/usr/local/go/src/net/http/server.go:2879 +0x43b
net/http.(*conn).serve(0xc000123360, {0x453d0a0, 0xc000111530})
	/usr/local/go/src/net/http/server.go:1930 +0xb08
created by net/http.(*Server).Serve
	/usr/local/go/src/net/http/server.go:3034 +0x4e8
2022/02/05 09:27:42 server.go:3160: http: panic serving 127.0.0.1:56481: open app/vies/templates/layout.html: no such file or directory
goroutine 18 [running]:
net/http.(*conn).serve.func1()
	/usr/local/go/src/net/http/server.go:1802 +0xb9
panic({0x44758a0, 0xc000188150})
	/usr/local/go/src/runtime/panic.go:1047 +0x266
html/template.Must(...)
	/usr/local/go/src/html/template/template.go:374
todo/app/controllers.generateHTML({0x453b7d8, 0xc0001ac000}, {0x44543e0, 0x4531aa0}, {0xc000061a18, 0x2, 0xc0001ac040})
	/Users/naoya/desktop/MyGo/src/todo_app/app/controllers/server.go:16 +0xf9
todo/app/controllers.top({0x453b7d8, 0xc0001ac000}, 0x0)
	/Users/naoya/desktop/MyGo/src/todo_app/app/controllers/route_main.go:8 +0x76
net/http.HandlerFunc.ServeHTTP(0x0, {0x453b7d8, 0xc0001ac000}, 0x0)
	/usr/local/go/src/net/http/server.go:2047 +0x2f
net/http.(*ServeMux).ServeHTTP(0x0, {0x453b7d8, 0xc0001ac000}, 0xc000092000)
	/usr/local/go/src/net/http/server.go:2425 +0x149
net/http.serverHandler.ServeHTTP({0xc000188090}, {0x453b7d8, 0xc0001ac000}, 0xc000092000)
	/usr/local/go/src/net/http/server.go:2879 +0x43b
net/http.(*conn).serve(0xc00018c000, {0x453d0a0, 0xc000111530})
	/usr/local/go/src/net/http/server.go:1930 +0xb08
created by net/http.(*Server).Serve
	/usr/local/go/src/net/http/server.go:3034 +0x4e8
2022/02/05 09:27:42 server.go:3160: http: panic serving 127.0.0.1:56483: open app/vies/templates/layout.html: no such file or directory
goroutine 34 [running]:
net/http.(*conn).serve.func1()
	/usr/local/go/src/net/http/server.go:1802 +0xb9
panic({0x44758a0, 0xc0000901b0})
	/usr/local/go/src/runtime/panic.go:1047 +0x266
html/template.Must(...)
	/usr/local/go/src/html/template/template.go:374
todo/app/controllers.generateHTML({0x453b7d8, 0xc0000c4000}, {0x44543e0, 0x4531aa0}, {0xc0000a4a18, 0x2, 0xc0000c4040})
	/Users/naoya/desktop/MyGo/src/todo_app/app/controllers/server.go:16 +0xf9
todo/app/controllers.top({0x453b7d8, 0xc0000c4000}, 0x0)
	/Users/naoya/desktop/MyGo/src/todo_app/app/controllers/route_main.go:8 +0x76
net/http.HandlerFunc.ServeHTTP(0x0, {0x453b7d8, 0xc0000c4000}, 0x0)
	/usr/local/go/src/net/http/server.go:2047 +0x2f
net/http.(*ServeMux).ServeHTTP(0x0, {0x453b7d8, 0xc0000c4000}, 0xc000092100)
	/usr/local/go/src/net/http/server.go:2425 +0x149
net/http.serverHandler.ServeHTTP({0xc0000900c0}, {0x453b7d8, 0xc0000c4000}, 0xc000092100)
	/usr/local/go/src/net/http/server.go:2879 +0x43b
net/http.(*conn).serve(0xc00009c000, {0x453d0a0, 0xc000111530})
	/usr/local/go/src/net/http/server.go:1930 +0xb08
created by net/http.(*Server).Serve
	/usr/local/go/src/net/http/server.go:3034 +0x4e8
2022/02/05 09:27:49 server.go:3160: http: panic serving 127.0.0.1:56484: open app/vies/templates/layout.html: no such file or directory
goroutine 9 [running]:
net/http.(*conn).serve.func1()
	/usr/local/go/src/net/http/server.go:1802 +0xb9
panic({0x44758a0, 0xc0001118c0})
	/usr/local/go/src/runtime/panic.go:1047 +0x266
html/template.Must(...)
	/usr/local/go/src/html/template/template.go:374
todo/app/controllers.generateHTML({0x453b7d8, 0xc0001721c0}, {0x44543e0, 0x4531aa0}, {0xc000065a18, 0x2, 0xc000172200})
	/Users/naoya/desktop/MyGo/src/todo_app/app/controllers/server.go:16 +0xf9
todo/app/controllers.top({0x453b7d8, 0xc0001721c0}, 0x0)
	/Users/naoya/desktop/MyGo/src/todo_app/app/controllers/route_main.go:8 +0x76
net/http.HandlerFunc.ServeHTTP(0x0, {0x453b7d8, 0xc0001721c0}, 0x0)
	/usr/local/go/src/net/http/server.go:2047 +0x2f
net/http.(*ServeMux).ServeHTTP(0x0, {0x453b7d8, 0xc0001721c0}, 0xc00016a200)
	/usr/local/go/src/net/http/server.go:2425 +0x149
net/http.serverHandler.ServeHTTP({0xc000111800}, {0x453b7d8, 0xc0001721c0}, 0xc00016a200)
	/usr/local/go/src/net/http/server.go:2879 +0x43b
net/http.(*conn).serve(0xc000123400, {0x453d0a0, 0xc000111530})
	/usr/local/go/src/net/http/server.go:1930 +0xb08
created by net/http.(*Server).Serve
	/usr/local/go/src/net/http/server.go:3034 +0x4e8
2022/02/05 09:27:54 server.go:3160: http: panic serving 127.0.0.1:56485: open app/vies/templates/layout.html: no such file or directory
goroutine 11 [running]:
net/http.(*conn).serve.func1()
	/usr/local/go/src/net/http/server.go:1802 +0xb9
panic({0x44758a0, 0xc000188270})
	/usr/local/go/src/runtime/panic.go:1047 +0x266
html/template.Must(...)
	/usr/local/go/src/html/template/template.go:374
todo/app/controllers.generateHTML({0x453b7d8, 0xc0001ac0e0}, {0x44543e0, 0x4531aa0}, {0xc000061a18, 0x2, 0xc0001ac120})
	/Users/naoya/desktop/MyGo/src/todo_app/app/controllers/server.go:16 +0xf9
todo/app/controllers.top({0x453b7d8, 0xc0001ac0e0}, 0x0)
	/Users/naoya/desktop/MyGo/src/todo_app/app/controllers/route_main.go:8 +0x76
net/http.HandlerFunc.ServeHTTP(0x0, {0x453b7d8, 0xc0001ac0e0}, 0x0)
	/usr/local/go/src/net/http/server.go:2047 +0x2f
net/http.(*ServeMux).ServeHTTP(0x0, {0x453b7d8, 0xc0001ac0e0}, 0xc0001ca000)
	/usr/local/go/src/net/http/server.go:2425 +0x149
net/http.serverHandler.ServeHTTP({0xc0001881b0}, {0x453b7d8, 0xc0001ac0e0}, 0xc0001ca000)
	/usr/local/go/src/net/http/server.go:2879 +0x43b
net/http.(*conn).serve(0xc0001234a0, {0x453d0a0, 0xc000111530})
	/usr/local/go/src/net/http/server.go:1930 +0xb08
created by net/http.(*Server).Serve
	/usr/local/go/src/net/http/server.go:3034 +0x4e8
2022/02/05 09:27:54 server.go:3160: http: panic serving 127.0.0.1:56486: open app/vies/templates/layout.html: no such file or directory
goroutine 12 [running]:
net/http.(*conn).serve.func1()
	/usr/local/go/src/net/http/server.go:1802 +0xb9
panic({0x44758a0, 0xc000188360})
	/usr/local/go/src/runtime/panic.go:1047 +0x266
html/template.Must(...)
	/usr/local/go/src/html/template/template.go:374
todo/app/controllers.generateHTML({0x453b7d8, 0xc0001ac1c0}, {0x44543e0, 0x4531aa0}, {0xc000065a18, 0x2, 0xc0001ac200})
	/Users/naoya/desktop/MyGo/src/todo_app/app/controllers/server.go:16 +0xf9
todo/app/controllers.top({0x453b7d8, 0xc0001ac1c0}, 0x0)
	/Users/naoya/desktop/MyGo/src/todo_app/app/controllers/route_main.go:8 +0x76
net/http.HandlerFunc.ServeHTTP(0x0, {0x453b7d8, 0xc0001ac1c0}, 0x0)
	/usr/local/go/src/net/http/server.go:2047 +0x2f
net/http.(*ServeMux).ServeHTTP(0x0, {0x453b7d8, 0xc0001ac1c0}, 0xc00016a300)
	/usr/local/go/src/net/http/server.go:2425 +0x149
net/http.serverHandler.ServeHTTP({0xc0001119e0}, {0x453b7d8, 0xc0001ac1c0}, 0xc00016a300)
	/usr/local/go/src/net/http/server.go:2879 +0x43b
net/http.(*conn).serve(0xc000123540, {0x453d0a0, 0xc000111530})
	/usr/local/go/src/net/http/server.go:1930 +0xb08
created by net/http.(*Server).Serve
	/usr/local/go/src/net/http/server.go:3034 +0x4e8
2022/02/05 09:27:54 server.go:3160: http: panic serving 127.0.0.1:56487: open app/vies/templates/layout.html: no such file or directory
goroutine 13 [running]:
net/http.(*conn).serve.func1()
	/usr/local/go/src/net/http/server.go:1802 +0xb9
panic({0x44758a0, 0xc000111b60})
	/usr/local/go/src/runtime/panic.go:1047 +0x266
html/template.Must(...)
	/usr/local/go/src/html/template/template.go:374
todo/app/controllers.generateHTML({0x453b7d8, 0xc0001722a0}, {0x44543e0, 0x4531aa0}, {0xc000066a18, 0x2, 0xc0001722e0})
	/Users/naoya/desktop/MyGo/src/todo_app/app/controllers/server.go:16 +0xf9
todo/app/controllers.top({0x453b7d8, 0xc0001722a0}, 0x0)
	/Users/naoya/desktop/MyGo/src/todo_app/app/controllers/route_main.go:8 +0x76
net/http.HandlerFunc.ServeHTTP(0x0, {0x453b7d8, 0xc0001722a0}, 0x0)
	/usr/local/go/src/net/http/server.go:2047 +0x2f
net/http.(*ServeMux).ServeHTTP(0x0, {0x453b7d8, 0xc0001722a0}, 0xc00016a400)
	/usr/local/go/src/net/http/server.go:2425 +0x149
net/http.serverHandler.ServeHTTP({0xc000111aa0}, {0x453b7d8, 0xc0001722a0}, 0xc00016a400)
	/usr/local/go/src/net/http/server.go:2879 +0x43b
net/http.(*conn).serve(0xc0001235e0, {0x453d0a0, 0xc000111530})
	/usr/local/go/src/net/http/server.go:1930 +0xb08
created by net/http.(*Server).Serve
	/usr/local/go/src/net/http/server.go:3034 +0x4e8
2022/02/05 09:28:15 server.go:3160: http: panic serving 127.0.0.1:56498: open app/vies/templates/layout.html: no such file or directory
goroutine 7 [running]:
net/http.(*conn).serve.func1()
	/usr/local/go/src/net/http/server.go:1802 +0xb9
panic({0x44758a0, 0xc000095740})
	/usr/local/go/src/runtime/panic.go:1047 +0x266
html/template.Must(...)
	/usr/local/go/src/html/template/template.go:374
todo/app/controllers.generateHTML({0x453b7d8, 0xc0000f20e0}, {0x44543e0, 0x4531aa0}, {0xc0000ada18, 0x2, 0xc0000f2120})
	/Users/naoya/desktop/MyGo/src/todo_app/app/controllers/server.go:16 +0xf9
todo/app/controllers.top({0x453b7d8, 0xc0000f20e0}, 0x0)
	/Users/naoya/desktop/MyGo/src/todo_app/app/controllers/route_main.go:8 +0x76
net/http.HandlerFunc.ServeHTTP(0x0, {0x453b7d8, 0xc0000f20e0}, 0x0)
	/usr/local/go/src/net/http/server.go:2047 +0x2f
net/http.(*ServeMux).ServeHTTP(0x0, {0x453b7d8, 0xc0000f20e0}, 0xc0000ea100)
	/usr/local/go/src/net/http/server.go:2425 +0x149
net/http.serverHandler.ServeHTTP({0xc000095620}, {0x453b7d8, 0xc0000f20e0}, 0xc0000ea100)
	/usr/local/go/src/net/http/server.go:2879 +0x43b
net/http.(*conn).serve(0xc0000a5360, {0x453d0a0, 0xc000095530})
	/usr/local/go/src/net/http/server.go:1930 +0xb08
created by net/http.(*Server).Serve
	/usr/local/go/src/net/http/server.go:3034 +0x4e8
2022/02/05 09:28:45 server.go:3160: http: panic serving 127.0.0.1:56499: open app/vies/templates/layout.html: no such file or directory
goroutine 18 [running]:
net/http.(*conn).serve.func1()
	/usr/local/go/src/net/http/server.go:1802 +0xb9
panic({0x44758a0, 0xc000095830})
	/usr/local/go/src/runtime/panic.go:1047 +0x266
html/template.Must(...)
	/usr/local/go/src/html/template/template.go:374
todo/app/controllers.generateHTML({0x453b7d8, 0xc0000f21c0}, {0x44543e0, 0x4531aa0}, {0xc000061a18, 0x2, 0xc0000f2200})
	/Users/naoya/desktop/MyGo/src/todo_app/app/controllers/server.go:16 +0xf9
todo/app/controllers.top({0x453b7d8, 0xc0000f21c0}, 0x0)
	/Users/naoya/desktop/MyGo/src/todo_app/app/controllers/route_main.go:8 +0x76
net/http.HandlerFunc.ServeHTTP(0x0, {0x453b7d8, 0xc0000f21c0}, 0x0)
	/usr/local/go/src/net/http/server.go:2047 +0x2f
net/http.(*ServeMux).ServeHTTP(0x0, {0x453b7d8, 0xc0000f21c0}, 0xc000126000)
	/usr/local/go/src/net/http/server.go:2425 +0x149
net/http.serverHandler.ServeHTTP({0xc000116090}, {0x453b7d8, 0xc0000f21c0}, 0xc000126000)
	/usr/local/go/src/net/http/server.go:2879 +0x43b
net/http.(*conn).serve(0xc00011a000, {0x453d0a0, 0xc000095530})
	/usr/local/go/src/net/http/server.go:1930 +0xb08
created by net/http.(*Server).Serve
	/usr/local/go/src/net/http/server.go:3034 +0x4e8
2022/02/05 09:28:45 server.go:3160: http: panic serving 127.0.0.1:56502: open app/vies/templates/layout.html: no such file or directory
goroutine 19 [running]:
net/http.(*conn).serve.func1()
	/usr/local/go/src/net/http/server.go:1802 +0xb9
panic({0x44758a0, 0xc000116240})
	/usr/local/go/src/runtime/panic.go:1047 +0x266
html/template.Must(...)
	/usr/local/go/src/html/template/template.go:374
todo/app/controllers.generateHTML({0x453b7d8, 0xc00013a000}, {0x44543e0, 0x4531aa0}, {0xc000062a18, 0x2, 0xc00013a040})
	/Users/naoya/desktop/MyGo/src/todo_app/app/controllers/server.go:16 +0xf9
todo/app/controllers.top({0x453b7d8, 0xc00013a000}, 0x0)
	/Users/naoya/desktop/MyGo/src/todo_app/app/controllers/route_main.go:8 +0x76
net/http.HandlerFunc.ServeHTTP(0x0, {0x453b7d8, 0xc00013a000}, 0x0)
	/usr/local/go/src/net/http/server.go:2047 +0x2f
net/http.(*ServeMux).ServeHTTP(0x0, {0x453b7d8, 0xc00013a000}, 0xc000126100)
	/usr/local/go/src/net/http/server.go:2425 +0x149
net/http.serverHandler.ServeHTTP({0xc000116180}, {0x453b7d8, 0xc00013a000}, 0xc000126100)
	/usr/local/go/src/net/http/server.go:2879 +0x43b
net/http.(*conn).serve(0xc00011a0a0, {0x453d0a0, 0xc000095530})
	/usr/local/go/src/net/http/server.go:1930 +0xb08
created by net/http.(*Server).Serve
	/usr/local/go/src/net/http/server.go:3034 +0x4e8
2022/02/05 09:29:17 server.go:3160: http: panic serving 127.0.0.1:56505: open app/vies/templates/layout.html: no such file or directory
goroutine 34 [running]:
net/http.(*conn).serve.func1()
	/usr/local/go/src/net/http/server.go:1802 +0xb9
panic({0x44758a0, 0xc000204180})
	/usr/local/go/src/runtime/panic.go:1047 +0x266
html/template.Must(...)
	/usr/local/go/src/html/template/template.go:374
todo/app/controllers.generateHTML({0x453b7d8, 0xc000236000}, {0x44543e0, 0x4531aa0}, {0xc000212a18, 0x2, 0xc000236040})
	/Users/naoya/desktop/MyGo/src/todo_app/app/controllers/server.go:16 +0xf9
todo/app/controllers.top({0x453b7d8, 0xc000236000}, 0x0)
	/Users/naoya/desktop/MyGo/src/todo_app/app/controllers/route_main.go:8 +0x76
net/http.HandlerFunc.ServeHTTP(0x0, {0x453b7d8, 0xc000236000}, 0x0)
	/usr/local/go/src/net/http/server.go:2047 +0x2f
net/http.(*ServeMux).ServeHTTP(0x0, {0x453b7d8, 0xc000236000}, 0xc000220000)
	/usr/local/go/src/net/http/server.go:2425 +0x149
net/http.serverHandler.ServeHTTP({0xc000204090}, {0x453b7d8, 0xc000236000}, 0xc000220000)
	/usr/local/go/src/net/http/server.go:2879 +0x43b
net/http.(*conn).serve(0xc000208000, {0x453d0a0, 0xc000095530})
	/usr/local/go/src/net/http/server.go:1930 +0xb08
created by net/http.(*Server).Serve
	/usr/local/go/src/net/http/server.go:3034 +0x4e8
2022/02/05 09:29:22 server.go:3160: http: panic serving 127.0.0.1:56506: open app/vies/templates/layout.html: no such file or directory
goroutine 21 [running]:
net/http.(*conn).serve.func1()
	/usr/local/go/src/net/http/server.go:1802 +0xb9
panic({0x44758a0, 0xc000116420})
	/usr/local/go/src/runtime/panic.go:1047 +0x266
html/template.Must(...)
	/usr/local/go/src/html/template/template.go:374
todo/app/controllers.generateHTML({0x453b7d8, 0xc00013a0e0}, {0x44543e0, 0x4531aa0}, {0xc000212a18, 0x2, 0xc00013a120})
	/Users/naoya/desktop/MyGo/src/todo_app/app/controllers/server.go:16 +0xf9
todo/app/controllers.top({0x453b7d8, 0xc00013a0e0}, 0x0)
	/Users/naoya/desktop/MyGo/src/todo_app/app/controllers/route_main.go:8 +0x76
net/http.HandlerFunc.ServeHTTP(0x0, {0x453b7d8, 0xc00013a0e0}, 0x0)
	/usr/local/go/src/net/http/server.go:2047 +0x2f
net/http.(*ServeMux).ServeHTTP(0x0, {0x453b7d8, 0xc00013a0e0}, 0xc000220100)
	/usr/local/go/src/net/http/server.go:2425 +0x149
net/http.serverHandler.ServeHTTP({0xc0002041e0}, {0x453b7d8, 0xc00013a0e0}, 0xc000220100)
	/usr/local/go/src/net/http/server.go:2879 +0x43b
net/http.(*conn).serve(0xc00011a140, {0x453d0a0, 0xc000095530})
	/usr/local/go/src/net/http/server.go:1930 +0xb08
created by net/http.(*Server).Serve
	/usr/local/go/src/net/http/server.go:3034 +0x4e8
2022/02/05 09:29:22 server.go:3160: http: panic serving 127.0.0.1:56507: open app/vies/templates/layout.html: no such file or directory
goroutine 22 [running]:
net/http.(*conn).serve.func1()
	/usr/local/go/src/net/http/server.go:1802 +0xb9
panic({0x44758a0, 0xc000095950})
	/usr/local/go/src/runtime/panic.go:1047 +0x266
html/template.Must(...)
	/usr/local/go/src/html/template/template.go:374
todo/app/controllers.generateHTML({0x453b7d8, 0xc0000f22a0}, {0x44543e0, 0x4531aa0}, {0xc000062a18, 0x2, 0xc0000f22e0})
	/Users/naoya/desktop/MyGo/src/todo_app/app/controllers/server.go:16 +0xf9
todo/app/controllers.top({0x453b7d8, 0xc0000f22a0}, 0x0)
	/Users/naoya/desktop/MyGo/src/todo_app/app/controllers/route_main.go:8 +0x76
net/http.HandlerFunc.ServeHTTP(0x0, {0x453b7d8, 0xc0000f22a0}, 0x0)
	/usr/local/go/src/net/http/server.go:2047 +0x2f
net/http.(*ServeMux).ServeHTTP(0x0, {0x453b7d8, 0xc0000f22a0}, 0xc000126200)
	/usr/local/go/src/net/http/server.go:2425 +0x149
net/http.serverHandler.ServeHTTP({0xc000116360}, {0x453b7d8, 0xc0000f22a0}, 0xc000126200)
	/usr/local/go/src/net/http/server.go:2879 +0x43b
net/http.(*conn).serve(0xc00011a1e0, {0x453d0a0, 0xc000095530})
	/usr/local/go/src/net/http/server.go:1930 +0xb08
created by net/http.(*Server).Serve
	/usr/local/go/src/net/http/server.go:3034 +0x4e8
2022/02/05 09:29:22 server.go:3160: http: panic serving 127.0.0.1:56508: open app/vies/templates/layout.html: no such file or directory
goroutine 11 [running]:
net/http.(*conn).serve.func1()
	/usr/local/go/src/net/http/server.go:1802 +0xb9
panic({0x44758a0, 0xc000095ad0})
	/usr/local/go/src/runtime/panic.go:1047 +0x266
html/template.Must(...)
	/usr/local/go/src/html/template/template.go:374
todo/app/controllers.generateHTML({0x453b7d8, 0xc0000f2380}, {0x44543e0, 0x4531aa0}, {0xc000062a18, 0x2, 0xc0000f23c0})
	/Users/naoya/desktop/MyGo/src/todo_app/app/controllers/server.go:16 +0xf9
todo/app/controllers.top({0x453b7d8, 0xc0000f2380}, 0x0)
	/Users/naoya/desktop/MyGo/src/todo_app/app/controllers/route_main.go:8 +0x76
net/http.HandlerFunc.ServeHTTP(0x0, {0x453b7d8, 0xc0000f2380}, 0x0)
	/usr/local/go/src/net/http/server.go:2047 +0x2f
net/http.(*ServeMux).ServeHTTP(0x0, {0x453b7d8, 0xc0000f2380}, 0xc0000ea200)
	/usr/local/go/src/net/http/server.go:2425 +0x149
net/http.serverHandler.ServeHTTP({0xc000095a10}, {0x453b7d8, 0xc0000f2380}, 0xc0000ea200)
	/usr/local/go/src/net/http/server.go:2879 +0x43b
net/http.(*conn).serve(0xc0000a5400, {0x453d0a0, 0xc000095530})
	/usr/local/go/src/net/http/server.go:1930 +0xb08
created by net/http.(*Server).Serve
	/usr/local/go/src/net/http/server.go:3034 +0x4e8
2022/02/05 09:30:29 server.go:3160: http: panic serving 127.0.0.1:56540: template: layout.html:19: unexpected EOF
goroutine 7 [running]:
net/http.(*conn).serve.func1()
	/usr/local/go/src/net/http/server.go:1802 +0xb9
panic({0x4463960, 0xc000013120})
	/usr/local/go/src/runtime/panic.go:1047 +0x266
html/template.Must(...)
	/usr/local/go/src/html/template/template.go:374
todo/app/controllers.generateHTML({0x453b7d8, 0xc0001720e0}, {0x44543e0, 0x4531aa0}, {0xc00012ba18, 0x2, 0xc000172120})
	/Users/naoya/desktop/MyGo/src/todo_app/app/controllers/server.go:16 +0xf9
todo/app/controllers.top({0x453b7d8, 0xc0001720e0}, 0x0)
	/Users/naoya/desktop/MyGo/src/todo_app/app/controllers/route_main.go:8 +0x76
net/http.HandlerFunc.ServeHTTP(0x0, {0x453b7d8, 0xc0001720e0}, 0x0)
	/usr/local/go/src/net/http/server.go:2047 +0x2f
net/http.(*ServeMux).ServeHTTP(0x0, {0x453b7d8, 0xc0001720e0}, 0xc00016a100)
	/usr/local/go/src/net/http/server.go:2425 +0x149
net/http.serverHandler.ServeHTTP({0xc000111620}, {0x453b7d8, 0xc0001720e0}, 0xc00016a100)
	/usr/local/go/src/net/http/server.go:2879 +0x43b
net/http.(*conn).serve(0xc000123360, {0x453d0a0, 0xc000111530})
	/usr/local/go/src/net/http/server.go:1930 +0xb08
created by net/http.(*Server).Serve
	/usr/local/go/src/net/http/server.go:3034 +0x4e8
2022/02/05 12:43:50 server.go:3160: http: panic serving 127.0.0.1:59082: open app/views/templates/index.html: no such file or directory
goroutine 20 [running]:
net/http.(*conn).serve.func1()
	/usr/local/go/src/net/http/server.go:1802 +0xb9
panic({0x447c340, 0xc00010c2d0})
	/usr/local/go/src/runtime/panic.go:1047 +0x266
html/template.Must(...)
	/usr/local/go/src/html/template/template.go:374
todo/app/controllers.generateHTML({0x4543698, 0xc00021e000}, {0x0, 0x0}, {0xc0000bfa08, 0x3, 0xc0000bfb70})
	/Users/naoya/desktop/MyGo/src/todo_app/app/controllers/server.go:17 +0xf9
todo/app/controllers.index({0x4543698, 0xc00021e000}, 0x0)
	/Users/naoya/desktop/MyGo/src/todo_app/app/controllers/route_main.go:22 +0xe5
net/http.HandlerFunc.ServeHTTP(0x0, {0x4543698, 0xc00021e000}, 0x0)
	/usr/local/go/src/net/http/server.go:2047 +0x2f
net/http.(*ServeMux).ServeHTTP(0x0, {0x4543698, 0xc00021e000}, 0xc000182300)
	/usr/local/go/src/net/http/server.go:2425 +0x149
net/http.serverHandler.ServeHTTP({0xc00009b650}, {0x4543698, 0xc00021e000}, 0xc000182300)
	/usr/local/go/src/net/http/server.go:2879 +0x43b
net/http.(*conn).serve(0xc0000b74a0, {0x4544f60, 0xc00009b560})
	/usr/local/go/src/net/http/server.go:1930 +0xb08
created by net/http.(*Server).Serve
	/usr/local/go/src/net/http/server.go:3034 +0x4e8
2022/02/05 12:43:50 server.go:3160: http: panic serving 127.0.0.1:59083: open app/views/templates/index.html: no such file or directory
goroutine 5 [running]:
net/http.(*conn).serve.func1()
	/usr/local/go/src/net/http/server.go:1802 +0xb9
panic({0x447c340, 0xc00010c960})
	/usr/local/go/src/runtime/panic.go:1047 +0x266
html/template.Must(...)
	/usr/local/go/src/html/template/template.go:374
todo/app/controllers.generateHTML({0x4543698, 0xc000146000}, {0x0, 0x0}, {0xc0000bfa08, 0x3, 0xc000065b70})
	/Users/naoya/desktop/MyGo/src/todo_app/app/controllers/server.go:17 +0xf9
todo/app/controllers.index({0x4543698, 0xc000146000}, 0x0)
	/Users/naoya/desktop/MyGo/src/todo_app/app/controllers/route_main.go:22 +0xe5
net/http.HandlerFunc.ServeHTTP(0x0, {0x4543698, 0xc000146000}, 0x0)
	/usr/local/go/src/net/http/server.go:2047 +0x2f
net/http.(*ServeMux).ServeHTTP(0x0, {0x4543698, 0xc000146000}, 0xc000182200)
	/usr/local/go/src/net/http/server.go:2425 +0x149
net/http.serverHandler.ServeHTTP({0xc00010c090}, {0x4543698, 0xc000146000}, 0xc000182200)
	/usr/local/go/src/net/http/server.go:2879 +0x43b
net/http.(*conn).serve(0xc00010e000, {0x4544f60, 0xc00009b560})
	/usr/local/go/src/net/http/server.go:1930 +0xb08
created by net/http.(*Server).Serve
	/usr/local/go/src/net/http/server.go:3034 +0x4e8
2022/02/05 12:43:50 server.go:3160: http: panic serving 127.0.0.1:59084: open app/views/templates/index.html: no such file or directory
goroutine 36 [running]:
net/http.(*conn).serve.func1()
	/usr/local/go/src/net/http/server.go:1802 +0xb9
panic({0x447c340, 0xc000206b40})
	/usr/local/go/src/runtime/panic.go:1047 +0x266
html/template.Must(...)
	/usr/local/go/src/html/template/template.go:374
todo/app/controllers.generateHTML({0x4543698, 0xc00021e0e0}, {0x0, 0x0}, {0xc0000b9a08, 0x3, 0xc00024eb70})
	/Users/naoya/desktop/MyGo/src/todo_app/app/controllers/server.go:17 +0xf9
todo/app/controllers.index({0x4543698, 0xc00021e0e0}, 0x0)
	/Users/naoya/desktop/MyGo/src/todo_app/app/controllers/route_main.go:22 +0xe5
net/http.HandlerFunc.ServeHTTP(0x0, {0x4543698, 0xc00021e0e0}, 0x0)
	/usr/local/go/src/net/http/server.go:2047 +0x2f
net/http.(*ServeMux).ServeHTTP(0x0, {0x4543698, 0xc00021e0e0}, 0xc000252000)
	/usr/local/go/src/net/http/server.go:2425 +0x149
net/http.serverHandler.ServeHTTP({0xc0002064b0}, {0x4543698, 0xc00021e0e0}, 0xc000252000)
	/usr/local/go/src/net/http/server.go:2879 +0x43b
net/http.(*conn).serve(0xc000248000, {0x4544f60, 0xc00009b560})
	/usr/local/go/src/net/http/server.go:1930 +0xb08
created by net/http.(*Server).Serve
	/usr/local/go/src/net/http/server.go:3034 +0x4e8
2022/02/05 12:43:51 server.go:3160: http: panic serving 127.0.0.1:59085: open app/views/templates/index.html: no such file or directory
goroutine 10 [running]:
net/http.(*conn).serve.func1()
	/usr/local/go/src/net/http/server.go:1802 +0xb9
panic({0x447c340, 0xc00010d110})
	/usr/local/go/src/runtime/panic.go:1047 +0x266
html/template.Must(...)
	/usr/local/go/src/html/template/template.go:374
todo/app/controllers.generateHTML({0x4543698, 0xc0001460e0}, {0x0, 0x0}, {0xc0000bfa08, 0x3, 0xc000065b70})
	/Users/naoya/desktop/MyGo/src/todo_app/app/controllers/server.go:17 +0xf9
todo/app/controllers.index({0x4543698, 0xc0001460e0}, 0x0)
	/Users/naoya/desktop/MyGo/src/todo_app/app/controllers/route_main.go:22 +0xe5
net/http.HandlerFunc.ServeHTTP(0x0, {0x4543698, 0xc0001460e0}, 0x0)
	/usr/local/go/src/net/http/server.go:2047 +0x2f
net/http.(*ServeMux).ServeHTTP(0x0, {0x4543698, 0xc0001460e0}, 0xc00015e000)
	/usr/local/go/src/net/http/server.go:2425 +0x149
net/http.serverHandler.ServeHTTP({0xc00010ca80}, {0x4543698, 0xc0001460e0}, 0xc00015e000)
	/usr/local/go/src/net/http/server.go:2879 +0x43b
net/http.(*conn).serve(0xc00010e0a0, {0x4544f60, 0xc00009b560})
	/usr/local/go/src/net/http/server.go:1930 +0xb08
created by net/http.(*Server).Serve
	/usr/local/go/src/net/http/server.go:3034 +0x4e8
2022/02/05 12:43:52 server.go:3160: http: panic serving 127.0.0.1:59086: open app/views/templates/index.html: no such file or directory
goroutine 22 [running]:
net/http.(*conn).serve.func1()
	/usr/local/go/src/net/http/server.go:1802 +0xb9
panic({0x447c340, 0xc000206d20})
	/usr/local/go/src/runtime/panic.go:1047 +0x266
html/template.Must(...)
	/usr/local/go/src/html/template/template.go:374
todo/app/controllers.generateHTML({0x4543698, 0xc0001461c0}, {0x0, 0x0}, {0xc0000bfa08, 0x3, 0xc000060b70})
	/Users/naoya/desktop/MyGo/src/todo_app/app/controllers/server.go:17 +0xf9
todo/app/controllers.index({0x4543698, 0xc0001461c0}, 0x0)
	/Users/naoya/desktop/MyGo/src/todo_app/app/controllers/route_main.go:22 +0xe5
net/http.HandlerFunc.ServeHTTP(0x0, {0x4543698, 0xc0001461c0}, 0x0)
	/usr/local/go/src/net/http/server.go:2047 +0x2f
net/http.(*ServeMux).ServeHTTP(0x0, {0x4543698, 0xc0001461c0}, 0xc000182400)
	/usr/local/go/src/net/http/server.go:2425 +0x149
net/http.serverHandler.ServeHTTP({0xc00009b920}, {0x4543698, 0xc0001461c0}, 0xc000182400)
	/usr/local/go/src/net/http/server.go:2879 +0x43b
net/http.(*conn).serve(0xc0000b7540, {0x4544f60, 0xc00009b560})
	/usr/local/go/src/net/http/server.go:1930 +0xb08
created by net/http.(*Server).Serve
	/usr/local/go/src/net/http/server.go:3034 +0x4e8
2022/02/05 12:43:52 server.go:3160: http: panic serving 127.0.0.1:59088: open app/views/templates/index.html: no such file or directory
goroutine 16 [running]:
net/http.(*conn).serve.func1()
	/usr/local/go/src/net/http/server.go:1802 +0xb9
panic({0x447c340, 0xc00010de00})
	/usr/local/go/src/runtime/panic.go:1047 +0x266
html/template.Must(...)
	/usr/local/go/src/html/template/template.go:374
todo/app/controllers.generateHTML({0x4543698, 0xc0001462a0}, {0x0, 0x0}, {0xc0000bfa08, 0x3, 0xc000060b70})
	/Users/naoya/desktop/MyGo/src/todo_app/app/controllers/server.go:17 +0xf9
todo/app/controllers.index({0x4543698, 0xc0001462a0}, 0x0)
	/Users/naoya/desktop/MyGo/src/todo_app/app/controllers/route_main.go:22 +0xe5
net/http.HandlerFunc.ServeHTTP(0x0, {0x4543698, 0xc0001462a0}, 0x0)
	/usr/local/go/src/net/http/server.go:2047 +0x2f
net/http.(*ServeMux).ServeHTTP(0x0, {0x4543698, 0xc0001462a0}, 0xc00015e200)
	/usr/local/go/src/net/http/server.go:2425 +0x149
net/http.serverHandler.ServeHTTP({0xc00010d6b0}, {0x4543698, 0xc0001462a0}, 0xc00015e200)
	/usr/local/go/src/net/http/server.go:2879 +0x43b
net/http.(*conn).serve(0xc00010e140, {0x4544f60, 0xc00009b560})
	/usr/local/go/src/net/http/server.go:1930 +0xb08
created by net/http.(*Server).Serve
	/usr/local/go/src/net/http/server.go:3034 +0x4e8
2022/02/05 12:43:57 server.go:3160: http: panic serving 127.0.0.1:59089: open app/views/templates/index.html: no such file or directory
goroutine 50 [running]:
net/http.(*conn).serve.func1()
	/usr/local/go/src/net/http/server.go:1802 +0xb9
panic({0x447c340, 0xc000207440})
	/usr/local/go/src/runtime/panic.go:1047 +0x266
html/template.Must(...)
	/usr/local/go/src/html/template/template.go:374
todo/app/controllers.generateHTML({0x4543698, 0xc00021e1c0}, {0x0, 0x0}, {0xc0000b9a08, 0x3, 0xc000065b70})
	/Users/naoya/desktop/MyGo/src/todo_app/app/controllers/server.go:17 +0xf9
todo/app/controllers.index({0x4543698, 0xc00021e1c0}, 0x0)
	/Users/naoya/desktop/MyGo/src/todo_app/app/controllers/route_main.go:22 +0xe5
net/http.HandlerFunc.ServeHTTP(0x0, {0x4543698, 0xc00021e1c0}, 0x0)
	/usr/local/go/src/net/http/server.go:2047 +0x2f
net/http.(*ServeMux).ServeHTTP(0x0, {0x4543698, 0xc00021e1c0}, 0xc00015e300)
	/usr/local/go/src/net/http/server.go:2425 +0x149
net/http.serverHandler.ServeHTTP({0xc00010d770}, {0x4543698, 0xc00021e1c0}, 0xc00015e300)
	/usr/local/go/src/net/http/server.go:2879 +0x43b
net/http.(*conn).serve(0xc00010e1e0, {0x4544f60, 0xc00009b560})
	/usr/local/go/src/net/http/server.go:1930 +0xb08
created by net/http.(*Server).Serve
	/usr/local/go/src/net/http/server.go:3034 +0x4e8
2022/02/05 12:43:57 server.go:3160: http: panic serving 127.0.0.1:59090: open app/views/templates/index.html: no such file or directory
goroutine 23 [running]:
net/http.(*conn).serve.func1()
	/usr/local/go/src/net/http/server.go:1802 +0xb9
panic({0x447c340, 0xc0002a04b0})
	/usr/local/go/src/runtime/panic.go:1047 +0x266
html/template.Must(...)
	/usr/local/go/src/html/template/template.go:374
todo/app/controllers.generateHTML({0x4543698, 0xc000146380}, {0x0, 0x0}, {0xc0000bfa08, 0x3, 0xc000061b70})
	/Users/naoya/desktop/MyGo/src/todo_app/app/controllers/server.go:17 +0xf9
todo/app/controllers.index({0x4543698, 0xc000146380}, 0x0)
	/Users/naoya/desktop/MyGo/src/todo_app/app/controllers/route_main.go:22 +0xe5
net/http.HandlerFunc.ServeHTTP(0x0, {0x4543698, 0xc000146380}, 0x0)
	/usr/local/go/src/net/http/server.go:2047 +0x2f
net/http.(*ServeMux).ServeHTTP(0x0, {0x4543698, 0xc000146380}, 0xc000182500)
	/usr/local/go/src/net/http/server.go:2425 +0x149
net/http.serverHandler.ServeHTTP({0xc00009ba10}, {0x4543698, 0xc000146380}, 0xc000182500)
	/usr/local/go/src/net/http/server.go:2879 +0x43b
net/http.(*conn).serve(0xc0000b75e0, {0x4544f60, 0xc00009b560})
	/usr/local/go/src/net/http/server.go:1930 +0xb08
created by net/http.(*Server).Serve
	/usr/local/go/src/net/http/server.go:3034 +0x4e8
2022/02/05 12:43:57 server.go:3160: http: panic serving 127.0.0.1:59091: open app/views/templates/index.html: no such file or directory
goroutine 44 [running]:
net/http.(*conn).serve.func1()
	/usr/local/go/src/net/http/server.go:1802 +0xb9
panic({0x447c340, 0xc00009bbf0})
	/usr/local/go/src/runtime/panic.go:1047 +0x266
html/template.Must(...)
	/usr/local/go/src/html/template/template.go:374
todo/app/controllers.generateHTML({0x4543698, 0xc00021e2a0}, {0x0, 0x0}, {0xc0000b9a08, 0x3, 0xc000065b70})
	/Users/naoya/desktop/MyGo/src/todo_app/app/controllers/server.go:17 +0xf9
todo/app/controllers.index({0x4543698, 0xc00021e2a0}, 0x0)
	/Users/naoya/desktop/MyGo/src/todo_app/app/controllers/route_main.go:22 +0xe5
net/http.HandlerFunc.ServeHTTP(0x0, {0x4543698, 0xc00021e2a0}, 0x0)
	/usr/local/go/src/net/http/server.go:2047 +0x2f
net/http.(*ServeMux).ServeHTTP(0x0, {0x4543698, 0xc00021e2a0}, 0xc000252200)
	/usr/local/go/src/net/http/server.go:2425 +0x149
net/http.serverHandler.ServeHTTP({0xc000207500}, {0x4543698, 0xc00021e2a0}, 0xc000252200)
	/usr/local/go/src/net/http/server.go:2879 +0x43b
net/http.(*conn).serve(0xc0002480a0, {0x4544f60, 0xc00009b560})
	/usr/local/go/src/net/http/server.go:1930 +0xb08
created by net/http.(*Server).Serve
	/usr/local/go/src/net/http/server.go:3034 +0x4e8
2022/02/05 12:44:03 server.go:3160: http: panic serving 127.0.0.1:59092: open app/views/templates/index.html: no such file or directory
goroutine 57 [running]:
net/http.(*conn).serve.func1()
	/usr/local/go/src/net/http/server.go:1802 +0xb9
panic({0x447c340, 0xc0002a0e10})
	/usr/local/go/src/runtime/panic.go:1047 +0x266
html/template.Must(...)
	/usr/local/go/src/html/template/template.go:374
todo/app/controllers.generateHTML({0x4543698, 0xc000146540}, {0x0, 0x0}, {0xc0000bfa08, 0x3, 0xc0000bfb70})
	/Users/naoya/desktop/MyGo/src/todo_app/app/controllers/server.go:17 +0xf9
todo/app/controllers.index({0x4543698, 0xc000146540}, 0x0)
	/Users/naoya/desktop/MyGo/src/todo_app/app/controllers/route_main.go:22 +0xe5
net/http.HandlerFunc.ServeHTTP(0x0, {0x4543698, 0xc000146540}, 0x0)
	/usr/local/go/src/net/http/server.go:2047 +0x2f
net/http.(*ServeMux).ServeHTTP(0x0, {0x4543698, 0xc000146540}, 0xc00015e700)
	/usr/local/go/src/net/http/server.go:2425 +0x149
net/http.serverHandler.ServeHTTP({0xc0002a0570}, {0x4543698, 0xc000146540}, 0xc00015e700)
	/usr/local/go/src/net/http/server.go:2879 +0x43b
net/http.(*conn).serve(0xc00010e280, {0x4544f60, 0xc00009b560})
	/usr/local/go/src/net/http/server.go:1930 +0xb08
created by net/http.(*Server).Serve
	/usr/local/go/src/net/http/server.go:3034 +0x4e8
2022/02/05 12:44:03 server.go:3160: http: panic serving 127.0.0.1:59093: open app/views/templates/index.html: no such file or directory
goroutine 59 [running]:
net/http.(*conn).serve.func1()
	/usr/local/go/src/net/http/server.go:1802 +0xb9
panic({0x447c340, 0xc000207bf0})
	/usr/local/go/src/runtime/panic.go:1047 +0x266
html/template.Must(...)
	/usr/local/go/src/html/template/template.go:374
todo/app/controllers.generateHTML({0x4543698, 0xc0001901c0}, {0x0, 0x0}, {0xc0001cba08, 0x3, 0xc000061b70})
	/Users/naoya/desktop/MyGo/src/todo_app/app/controllers/server.go:17 +0xf9
todo/app/controllers.index({0x4543698, 0xc0001901c0}, 0x0)
	/Users/naoya/desktop/MyGo/src/todo_app/app/controllers/route_main.go:22 +0xe5
net/http.HandlerFunc.ServeHTTP(0x0, {0x4543698, 0xc0001901c0}, 0x0)
	/usr/local/go/src/net/http/server.go:2047 +0x2f
net/http.(*ServeMux).ServeHTTP(0x0, {0x4543698, 0xc0001901c0}, 0xc00015e800)
	/usr/local/go/src/net/http/server.go:2425 +0x149
net/http.serverHandler.ServeHTTP({0xc0002a07b0}, {0x4543698, 0xc0001901c0}, 0xc00015e800)
	/usr/local/go/src/net/http/server.go:2879 +0x43b
net/http.(*conn).serve(0xc00010e320, {0x4544f60, 0xc00009b560})
	/usr/local/go/src/net/http/server.go:1930 +0xb08
created by net/http.(*Server).Serve
	/usr/local/go/src/net/http/server.go:3034 +0x4e8
2022/02/05 12:44:03 server.go:3160: http: panic serving 127.0.0.1:59094: open app/views/templates/index.html: no such file or directory
goroutine 27 [running]:
net/http.(*conn).serve.func1()
	/usr/local/go/src/net/http/server.go:1802 +0xb9
panic({0x447c340, 0xc0002a0ff0})
	/usr/local/go/src/runtime/panic.go:1047 +0x266
html/template.Must(...)
	/usr/local/go/src/html/template/template.go:374
todo/app/controllers.generateHTML({0x4543698, 0xc0001902a0}, {0x0, 0x0}, {0xc0001cda08, 0x3, 0xc000061b70})
	/Users/naoya/desktop/MyGo/src/todo_app/app/controllers/server.go:17 +0xf9
todo/app/controllers.index({0x4543698, 0xc0001902a0}, 0x0)
	/Users/naoya/desktop/MyGo/src/todo_app/app/controllers/route_main.go:22 +0xe5
net/http.HandlerFunc.ServeHTTP(0x0, {0x4543698, 0xc0001902a0}, 0x0)
	/usr/local/go/src/net/http/server.go:2047 +0x2f
net/http.(*ServeMux).ServeHTTP(0x0, {0x4543698, 0xc0001902a0}, 0xc000182700)
	/usr/local/go/src/net/http/server.go:2425 +0x149
net/http.serverHandler.ServeHTTP({0xc0001d0120}, {0x4543698, 0xc0001902a0}, 0xc000182700)
	/usr/local/go/src/net/http/server.go:2879 +0x43b
net/http.(*conn).serve(0xc0000b7680, {0x4544f60, 0xc00009b560})
	/usr/local/go/src/net/http/server.go:1930 +0xb08
created by net/http.(*Server).Serve
	/usr/local/go/src/net/http/server.go:3034 +0x4e8
2022/02/05 12:44:14 server.go:3160: http: panic serving 127.0.0.1:59095: open app/views/templates/index.html: no such file or directory
goroutine 30 [running]:
net/http.(*conn).serve.func1()
	/usr/local/go/src/net/http/server.go:1802 +0xb9
panic({0x447c340, 0xc0002a16e0})
	/usr/local/go/src/runtime/panic.go:1047 +0x266
html/template.Must(...)
	/usr/local/go/src/html/template/template.go:374
todo/app/controllers.generateHTML({0x4543698, 0xc000146620}, {0x0, 0x0}, {0xc0000bfa08, 0x3, 0xc000060b70})
	/Users/naoya/desktop/MyGo/src/todo_app/app/controllers/server.go:17 +0xf9
todo/app/controllers.index({0x4543698, 0xc000146620}, 0x0)
	/Users/naoya/desktop/MyGo/src/todo_app/app/controllers/route_main.go:22 +0xe5
net/http.HandlerFunc.ServeHTTP(0x0, {0x4543698, 0xc000146620}, 0x0)
	/usr/local/go/src/net/http/server.go:2047 +0x2f
net/http.(*ServeMux).ServeHTTP(0x0, {0x4543698, 0xc000146620}, 0xc00015ea00)
	/usr/local/go/src/net/http/server.go:2425 +0x149
net/http.serverHandler.ServeHTTP({0xc0002a1050}, {0x4543698, 0xc000146620}, 0xc00015ea00)
	/usr/local/go/src/net/http/server.go:2879 +0x43b
net/http.(*conn).serve(0xc0000b7720, {0x4544f60, 0xc00009b560})
	/usr/local/go/src/net/http/server.go:1930 +0xb08
created by net/http.(*Server).Serve
	/usr/local/go/src/net/http/server.go:3034 +0x4e8
2022/02/05 12:44:14 server.go:3160: http: panic serving 127.0.0.1:59096: open app/views/templates/index.html: no such file or directory
goroutine 31 [running]:
net/http.(*conn).serve.func1()
	/usr/local/go/src/net/http/server.go:1802 +0xb9
panic({0x447c340, 0xc0002a1d70})
	/usr/local/go/src/runtime/panic.go:1047 +0x266
html/template.Must(...)
	/usr/local/go/src/html/template/template.go:374
todo/app/controllers.generateHTML({0x4543698, 0xc000146700}, {0x0, 0x0}, {0xc0000bfa08, 0x3, 0xc000061b70})
	/Users/naoya/desktop/MyGo/src/todo_app/app/controllers/server.go:17 +0xf9
todo/app/controllers.index({0x4543698, 0xc000146700}, 0x0)
	/Users/naoya/desktop/MyGo/src/todo_app/app/controllers/route_main.go:22 +0xe5
net/http.HandlerFunc.ServeHTTP(0x0, {0x4543698, 0xc000146700}, 0x0)
	/usr/local/go/src/net/http/server.go:2047 +0x2f
net/http.(*ServeMux).ServeHTTP(0x0, {0x4543698, 0xc000146700}, 0xc000182900)
	/usr/local/go/src/net/http/server.go:2425 +0x149
net/http.serverHandler.ServeHTTP({0xc0001d06f0}, {0x4543698, 0xc000146700}, 0xc000182900)
	/usr/local/go/src/net/http/server.go:2879 +0x43b
net/http.(*conn).serve(0xc0000b77c0, {0x4544f60, 0xc00009b560})
	/usr/local/go/src/net/http/server.go:1930 +0xb08
created by net/http.(*Server).Serve
	/usr/local/go/src/net/http/server.go:3034 +0x4e8
2022/02/05 12:44:14 server.go:3160: http: panic serving 127.0.0.1:59097: open app/views/templates/index.html: no such file or directory
goroutine 48 [running]:
net/http.(*conn).serve.func1()
	/usr/local/go/src/net/http/server.go:1802 +0xb9
panic({0x447c340, 0xc000322360})
	/usr/local/go/src/runtime/panic.go:1047 +0x266
html/template.Must(...)
	/usr/local/go/src/html/template/template.go:374
todo/app/controllers.generateHTML({0x4543698, 0xc00021e380}, {0x0, 0x0}, {0xc0001cba08, 0x3, 0xc000065b70})
	/Users/naoya/desktop/MyGo/src/todo_app/app/controllers/server.go:17 +0xf9
todo/app/controllers.index({0x4543698, 0xc00021e380}, 0x0)
	/Users/naoya/desktop/MyGo/src/todo_app/app/controllers/route_main.go:22 +0xe5
net/http.HandlerFunc.ServeHTTP(0x0, {0x4543698, 0xc00021e380}, 0x0)
	/usr/local/go/src/net/http/server.go:2047 +0x2f
net/http.(*ServeMux).ServeHTTP(0x0, {0x4543698, 0xc00021e380}, 0xc000252400)
	/usr/local/go/src/net/http/server.go:2425 +0x149
net/http.serverHandler.ServeHTTP({0xc000207cb0}, {0x4543698, 0xc00021e380}, 0xc000252400)
	/usr/local/go/src/net/http/server.go:2879 +0x43b
net/http.(*conn).serve(0xc000248140, {0x4544f60, 0xc00009b560})
	/usr/local/go/src/net/http/server.go:1930 +0xb08
created by net/http.(*Server).Serve
	/usr/local/go/src/net/http/server.go:3034 +0x4e8
2022/02/05 12:44:15 server.go:3160: http: panic serving 127.0.0.1:59098: open app/views/templates/index.html: no such file or directory
goroutine 70 [running]:
net/http.(*conn).serve.func1()
	/usr/local/go/src/net/http/server.go:1802 +0xb9
panic({0x447c340, 0xc0002f44e0})
	/usr/local/go/src/runtime/panic.go:1047 +0x266
html/template.Must(...)
	/usr/local/go/src/html/template/template.go:374
todo/app/controllers.generateHTML({0x4543698, 0xc0001467e0}, {0x0, 0x0}, {0xc0000bfa08, 0x3, 0xc000061b70})
	/Users/naoya/desktop/MyGo/src/todo_app/app/controllers/server.go:17 +0xf9
todo/app/controllers.index({0x4543698, 0xc0001467e0}, 0x0)
	/Users/naoya/desktop/MyGo/src/todo_app/app/controllers/route_main.go:22 +0xe5
net/http.HandlerFunc.ServeHTTP(0x0, {0x4543698, 0xc0001467e0}, 0x0)
	/usr/local/go/src/net/http/server.go:2047 +0x2f
net/http.(*ServeMux).ServeHTTP(0x0, {0x4543698, 0xc0001467e0}, 0xc00015eb00)
	/usr/local/go/src/net/http/server.go:2425 +0x149
net/http.serverHandler.ServeHTTP({0xc0002a1e30}, {0x4543698, 0xc0001467e0}, 0xc00015eb00)
	/usr/local/go/src/net/http/server.go:2879 +0x43b
net/http.(*conn).serve(0xc00010e3c0, {0x4544f60, 0xc00009b560})
	/usr/local/go/src/net/http/server.go:1930 +0xb08
created by net/http.(*Server).Serve
	/usr/local/go/src/net/http/server.go:3034 +0x4e8
2022/02/05 12:44:20 server.go:3160: http: panic serving 127.0.0.1:59099: open app/views/templates/index.html: no such file or directory
goroutine 84 [running]:
net/http.(*conn).serve.func1()
	/usr/local/go/src/net/http/server.go:1802 +0xb9
panic({0x447c340, 0xc000322600})
	/usr/local/go/src/runtime/panic.go:1047 +0x266
html/template.Must(...)
	/usr/local/go/src/html/template/template.go:374
todo/app/controllers.generateHTML({0x4543698, 0xc000190380}, {0x0, 0x0}, {0xc0001cda08, 0x3, 0xc000065b70})
	/Users/naoya/desktop/MyGo/src/todo_app/app/controllers/server.go:17 +0xf9
todo/app/controllers.index({0x4543698, 0xc000190380}, 0x0)
	/Users/naoya/desktop/MyGo/src/todo_app/app/controllers/route_main.go:22 +0xe5
net/http.HandlerFunc.ServeHTTP(0x0, {0x4543698, 0xc000190380}, 0x0)
	/usr/local/go/src/net/http/server.go:2047 +0x2f
net/http.(*ServeMux).ServeHTTP(0x0, {0x4543698, 0xc000190380}, 0xc000252500)
	/usr/local/go/src/net/http/server.go:2425 +0x149
net/http.serverHandler.ServeHTTP({0xc000322420}, {0x4543698, 0xc000190380}, 0xc000252500)
	/usr/local/go/src/net/http/server.go:2879 +0x43b
net/http.(*conn).serve(0xc0002481e0, {0x4544f60, 0xc00009b560})
	/usr/local/go/src/net/http/server.go:1930 +0xb08
created by net/http.(*Server).Serve
	/usr/local/go/src/net/http/server.go:3034 +0x4e8
2022/02/05 12:44:20 server.go:3160: http: panic serving 127.0.0.1:59100: open app/views/templates/index.html: no such file or directory
goroutine 74 [running]:
net/http.(*conn).serve.func1()
	/usr/local/go/src/net/http/server.go:1802 +0xb9
panic({0x447c340, 0xc0002f4c60})
	/usr/local/go/src/runtime/panic.go:1047 +0x266
html/template.Must(...)
	/usr/local/go/src/html/template/template.go:374
todo/app/controllers.generateHTML({0x4543698, 0xc0001468c0}, {0x0, 0x0}, {0xc0001cda08, 0x3, 0xc000061b70})
	/Users/naoya/desktop/MyGo/src/todo_app/app/controllers/server.go:17 +0xf9
todo/app/controllers.index({0x4543698, 0xc0001468c0}, 0x0)
	/Users/naoya/desktop/MyGo/src/todo_app/app/controllers/route_main.go:22 +0xe5
net/http.HandlerFunc.ServeHTTP(0x0, {0x4543698, 0xc0001468c0}, 0x0)
	/usr/local/go/src/net/http/server.go:2047 +0x2f
net/http.(*ServeMux).ServeHTTP(0x0, {0x4543698, 0xc0001468c0}, 0xc00015ed00)
	/usr/local/go/src/net/http/server.go:2425 +0x149
net/http.serverHandler.ServeHTTP({0xc0002f45a0}, {0x4543698, 0xc0001468c0}, 0xc00015ed00)
	/usr/local/go/src/net/http/server.go:2879 +0x43b
net/http.(*conn).serve(0xc00010e460, {0x4544f60, 0xc00009b560})
	/usr/local/go/src/net/http/server.go:1930 +0xb08
created by net/http.(*Server).Serve
	/usr/local/go/src/net/http/server.go:3034 +0x4e8
2022/02/05 12:44:20 server.go:3160: http: panic serving 127.0.0.1:59101: open app/views/templates/index.html: no such file or directory
goroutine 78 [running]:
net/http.(*conn).serve.func1()
	/usr/local/go/src/net/http/server.go:1802 +0xb9
panic({0x447c340, 0xc0002f53b0})
	/usr/local/go/src/runtime/panic.go:1047 +0x266
html/template.Must(...)
	/usr/local/go/src/html/template/template.go:374
todo/app/controllers.generateHTML({0x4543698, 0xc0001469a0}, {0x0, 0x0}, {0xc0001cda08, 0x3, 0xc000061b70})
	/Users/naoya/desktop/MyGo/src/todo_app/app/controllers/server.go:17 +0xf9
todo/app/controllers.index({0x4543698, 0xc0001469a0}, 0x0)
	/Users/naoya/desktop/MyGo/src/todo_app/app/controllers/route_main.go:22 +0xe5
net/http.HandlerFunc.ServeHTTP(0x0, {0x4543698, 0xc0001469a0}, 0x0)
	/usr/local/go/src/net/http/server.go:2047 +0x2f
net/http.(*ServeMux).ServeHTTP(0x0, {0x4543698, 0xc0001469a0}, 0xc00015ef00)
	/usr/local/go/src/net/http/server.go:2425 +0x149
net/http.serverHandler.ServeHTTP({0xc0002f4d20}, {0x4543698, 0xc0001469a0}, 0xc00015ef00)
	/usr/local/go/src/net/http/server.go:2879 +0x43b
net/http.(*conn).serve(0xc00010e500, {0x4544f60, 0xc00009b560})
	/usr/local/go/src/net/http/server.go:1930 +0xb08
created by net/http.(*Server).Serve
	/usr/local/go/src/net/http/server.go:3034 +0x4e8
2022/02/05 12:44:20 server.go:3160: http: panic serving 127.0.0.1:59102: open app/views/templates/index.html: no such file or directory
goroutine 98 [running]:
net/http.(*conn).serve.func1()
	/usr/local/go/src/net/http/server.go:1802 +0xb9
panic({0x447c340, 0xc0001d1470})
	/usr/local/go/src/runtime/panic.go:1047 +0x266
html/template.Must(...)
	/usr/local/go/src/html/template/template.go:374
todo/app/controllers.generateHTML({0x4543698, 0xc000190540}, {0x0, 0x0}, {0xc0001c7a08, 0x3, 0xc0001c7b70})
	/Users/naoya/desktop/MyGo/src/todo_app/app/controllers/server.go:17 +0xf9
todo/app/controllers.index({0x4543698, 0xc000190540}, 0x0)
	/Users/naoya/desktop/MyGo/src/todo_app/app/controllers/route_main.go:22 +0xe5
net/http.HandlerFunc.ServeHTTP(0x0, {0x4543698, 0xc000190540}, 0x0)
	/usr/local/go/src/net/http/server.go:2047 +0x2f
net/http.(*ServeMux).ServeHTTP(0x0, {0x4543698, 0xc000190540}, 0xc000182c00)
	/usr/local/go/src/net/http/server.go:2425 +0x149
net/http.serverHandler.ServeHTTP({0xc0002f5410}, {0x4543698, 0xc000190540}, 0xc000182c00)
	/usr/local/go/src/net/http/server.go:2879 +0x43b
net/http.(*conn).serve(0xc0000b7860, {0x4544f60, 0xc00009b560})
	/usr/local/go/src/net/http/server.go:1930 +0xb08
created by net/http.(*Server).Serve
	/usr/local/go/src/net/http/server.go:3034 +0x4e8
2022/02/05 12:44:20 server.go:3160: http: panic serving 127.0.0.1:59103: open app/views/templates/index.html: no such file or directory
goroutine 99 [running]:
net/http.(*conn).serve.func1()
	/usr/local/go/src/net/http/server.go:1802 +0xb9
panic({0x447c340, 0xc0002f55f0})
	/usr/local/go/src/runtime/panic.go:1047 +0x266
html/template.Must(...)
	/usr/local/go/src/html/template/template.go:374
todo/app/controllers.generateHTML({0x4543698, 0xc000190620}, {0x0, 0x0}, {0xc0001c7a08, 0x3, 0xc000065b70})
	/Users/naoya/desktop/MyGo/src/todo_app/app/controllers/server.go:17 +0xf9
todo/app/controllers.index({0x4543698, 0xc000190620}, 0x0)
	/Users/naoya/desktop/MyGo/src/todo_app/app/controllers/route_main.go:22 +0xe5
net/http.HandlerFunc.ServeHTTP(0x0, {0x4543698, 0xc000190620}, 0x0)
	/usr/local/go/src/net/http/server.go:2047 +0x2f
net/http.(*ServeMux).ServeHTTP(0x0, {0x4543698, 0xc000190620}, 0xc000182b00)
	/usr/local/go/src/net/http/server.go:2425 +0x149
net/http.serverHandler.ServeHTTP({0xc0001d0c90}, {0x4543698, 0xc000190620}, 0xc000182b00)
	/usr/local/go/src/net/http/server.go:2879 +0x43b
net/http.(*conn).serve(0xc0000b7900, {0x4544f60, 0xc00009b560})
	/usr/local/go/src/net/http/server.go:1930 +0xb08
created by net/http.(*Server).Serve
	/usr/local/go/src/net/http/server.go:3034 +0x4e8
2022/02/05 12:44:20 server.go:3160: http: panic serving 127.0.0.1:59104: open app/views/templates/index.html: no such file or directory
goroutine 86 [running]:
net/http.(*conn).serve.func1()
	/usr/local/go/src/net/http/server.go:1802 +0xb9
panic({0x447c340, 0xc000322d80})
	/usr/local/go/src/runtime/panic.go:1047 +0x266
html/template.Must(...)
	/usr/local/go/src/html/template/template.go:374
todo/app/controllers.generateHTML({0x4543698, 0xc00021e460}, {0x0, 0x0}, {0xc0001c7a08, 0x3, 0xc00024eb70})
	/Users/naoya/desktop/MyGo/src/todo_app/app/controllers/server.go:17 +0xf9
todo/app/controllers.index({0x4543698, 0xc00021e460}, 0x0)
	/Users/naoya/desktop/MyGo/src/todo_app/app/controllers/route_main.go:22 +0xe5
net/http.HandlerFunc.ServeHTTP(0x0, {0x4543698, 0xc00021e460}, 0x0)
	/usr/local/go/src/net/http/server.go:2047 +0x2f
net/http.(*ServeMux).ServeHTTP(0x0, {0x4543698, 0xc00021e460}, 0xc000252600)
	/usr/local/go/src/net/http/server.go:2425 +0x149
net/http.serverHandler.ServeHTTP({0xc0003226f0}, {0x4543698, 0xc00021e460}, 0xc000252600)
	/usr/local/go/src/net/http/server.go:2879 +0x43b
net/http.(*conn).serve(0xc000248280, {0x4544f60, 0xc00009b560})
	/usr/local/go/src/net/http/server.go:1930 +0xb08
created by net/http.(*Server).Serve
	/usr/local/go/src/net/http/server.go:3034 +0x4e8
2022/02/05 12:44:22 server.go:3160: http: panic serving 127.0.0.1:59105: open app/views/templates/index.html: no such file or directory
goroutine 115 [running]:
net/http.(*conn).serve.func1()
	/usr/local/go/src/net/http/server.go:1802 +0xb9
panic({0x447c340, 0xc0001d1bc0})
	/usr/local/go/src/runtime/panic.go:1047 +0x266
html/template.Must(...)
	/usr/local/go/src/html/template/template.go:374
todo/app/controllers.generateHTML({0x4543698, 0xc000146a80}, {0x0, 0x0}, {0xc0001cda08, 0x3, 0xc000060b70})
	/Users/naoya/desktop/MyGo/src/todo_app/app/controllers/server.go:17 +0xf9
todo/app/controllers.index({0x4543698, 0xc000146a80}, 0x0)
	/Users/naoya/desktop/MyGo/src/todo_app/app/controllers/route_main.go:22 +0xe5
net/http.HandlerFunc.ServeHTTP(0x0, {0x4543698, 0xc000146a80}, 0x0)
	/usr/local/go/src/net/http/server.go:2047 +0x2f
net/http.(*ServeMux).ServeHTTP(0x0, {0x4543698, 0xc000146a80}, 0xc00015f200)
	/usr/local/go/src/net/http/server.go:2425 +0x149
net/http.serverHandler.ServeHTTP({0xc0002f56b0}, {0x4543698, 0xc000146a80}, 0xc00015f200)
	/usr/local/go/src/net/http/server.go:2879 +0x43b
net/http.(*conn).serve(0xc00010e5a0, {0x4544f60, 0xc00009b560})
	/usr/local/go/src/net/http/server.go:1930 +0xb08
created by net/http.(*Server).Serve
	/usr/local/go/src/net/http/server.go:3034 +0x4e8
2022/02/05 12:44:27 server.go:3160: http: panic serving 127.0.0.1:59106: open app/views/templates/index.html: no such file or directory
goroutine 106 [running]:
net/http.(*conn).serve.func1()
	/usr/local/go/src/net/http/server.go:1802 +0xb9
panic({0x447c340, 0xc0003d6210})
	/usr/local/go/src/runtime/panic.go:1047 +0x266
html/template.Must(...)
	/usr/local/go/src/html/template/template.go:374
todo/app/controllers.generateHTML({0x4543698, 0xc000146b60}, {0x0, 0x0}, {0xc0001cda08, 0x3, 0xc000065b70})
	/Users/naoya/desktop/MyGo/src/todo_app/app/controllers/server.go:17 +0xf9
todo/app/controllers.index({0x4543698, 0xc000146b60}, 0x0)
	/Users/naoya/desktop/MyGo/src/todo_app/app/controllers/route_main.go:22 +0xe5
net/http.HandlerFunc.ServeHTTP(0x0, {0x4543698, 0xc000146b60}, 0x0)
	/usr/local/go/src/net/http/server.go:2047 +0x2f
net/http.(*ServeMux).ServeHTTP(0x0, {0x4543698, 0xc000146b60}, 0xc000182d00)
	/usr/local/go/src/net/http/server.go:2425 +0x149
net/http.serverHandler.ServeHTTP({0xc0001d19e0}, {0x4543698, 0xc000146b60}, 0xc000182d00)
	/usr/local/go/src/net/http/server.go:2879 +0x43b
net/http.(*conn).serve(0xc0000b79a0, {0x4544f60, 0xc00009b560})
	/usr/local/go/src/net/http/server.go:1930 +0xb08
created by net/http.(*Server).Serve
	/usr/local/go/src/net/http/server.go:3034 +0x4e8
2022/02/05 12:44:27 server.go:3160: http: panic serving 127.0.0.1:59107: open app/views/templates/index.html: no such file or directory
goroutine 90 [running]:
net/http.(*conn).serve.func1()
	/usr/local/go/src/net/http/server.go:1802 +0xb9
panic({0x447c340, 0xc0003234d0})
	/usr/local/go/src/runtime/panic.go:1047 +0x266
html/template.Must(...)
	/usr/local/go/src/html/template/template.go:374
todo/app/controllers.generateHTML({0x4543698, 0xc00021e540}, {0x0, 0x0}, {0xc0001c7a08, 0x3, 0xc00024eb70})
	/Users/naoya/desktop/MyGo/src/todo_app/app/controllers/server.go:17 +0xf9
todo/app/controllers.index({0x4543698, 0xc00021e540}, 0x0)
	/Users/naoya/desktop/MyGo/src/todo_app/app/controllers/route_main.go:22 +0xe5
net/http.HandlerFunc.ServeHTTP(0x0, {0x4543698, 0xc00021e540}, 0x0)
	/usr/local/go/src/net/http/server.go:2047 +0x2f
net/http.(*ServeMux).ServeHTTP(0x0, {0x4543698, 0xc00021e540}, 0xc000252700)
	/usr/local/go/src/net/http/server.go:2425 +0x149
net/http.serverHandler.ServeHTTP({0xc000322e40}, {0x4543698, 0xc00021e540}, 0xc000252700)
	/usr/local/go/src/net/http/server.go:2879 +0x43b
net/http.(*conn).serve(0xc000248320, {0x4544f60, 0xc00009b560})
	/usr/local/go/src/net/http/server.go:1930 +0xb08
created by net/http.(*Server).Serve
	/usr/local/go/src/net/http/server.go:3034 +0x4e8
2022/02/05 12:44:27 server.go:3160: http: panic serving 127.0.0.1:59108: open app/views/templates/index.html: no such file or directory
goroutine 121 [running]:
net/http.(*conn).serve.func1()
	/usr/local/go/src/net/http/server.go:1802 +0xb9
panic({0x447c340, 0xc0001d1da0})
	/usr/local/go/src/runtime/panic.go:1047 +0x266
html/template.Must(...)
	/usr/local/go/src/html/template/template.go:374
todo/app/controllers.generateHTML({0x4543698, 0xc000146c40}, {0x0, 0x0}, {0xc0001cda08, 0x3, 0xc000065b70})
	/Users/naoya/desktop/MyGo/src/todo_app/app/controllers/server.go:17 +0xf9
todo/app/controllers.index({0x4543698, 0xc000146c40}, 0x0)
	/Users/naoya/desktop/MyGo/src/todo_app/app/controllers/route_main.go:22 +0xe5
net/http.HandlerFunc.ServeHTTP(0x0, {0x4543698, 0xc000146c40}, 0x0)
	/usr/local/go/src/net/http/server.go:2047 +0x2f
net/http.(*ServeMux).ServeHTTP(0x0, {0x4543698, 0xc000146c40}, 0xc00015f500)
	/usr/local/go/src/net/http/server.go:2425 +0x149
net/http.serverHandler.ServeHTTP({0xc0003d62d0}, {0x4543698, 0xc000146c40}, 0xc00015f500)
	/usr/local/go/src/net/http/server.go:2879 +0x43b
net/http.(*conn).serve(0xc00010e640, {0x4544f60, 0xc00009b560})
	/usr/local/go/src/net/http/server.go:1930 +0xb08
created by net/http.(*Server).Serve
	/usr/local/go/src/net/http/server.go:3034 +0x4e8
2022/02/05 12:44:57 server.go:3160: http: panic serving 127.0.0.1:59111: open app/views/templates/index.html: no such file or directory
goroutine 124 [running]:
net/http.(*conn).serve.func1()
	/usr/local/go/src/net/http/server.go:1802 +0xb9
panic({0x447c340, 0xc0003d6ed0})
	/usr/local/go/src/runtime/panic.go:1047 +0x266
html/template.Must(...)
	/usr/local/go/src/html/template/template.go:374
todo/app/controllers.generateHTML({0x4543698, 0xc000146d20}, {0x0, 0x0}, {0xc0001cda08, 0x3, 0xc000065b70})
	/Users/naoya/desktop/MyGo/src/todo_app/app/controllers/server.go:17 +0xf9
todo/app/controllers.index({0x4543698, 0xc000146d20}, 0x0)
	/Users/naoya/desktop/MyGo/src/todo_app/app/controllers/route_main.go:22 +0xe5
net/http.HandlerFunc.ServeHTTP(0x0, {0x4543698, 0xc000146d20}, 0x0)
	/usr/local/go/src/net/http/server.go:2047 +0x2f
net/http.(*ServeMux).ServeHTTP(0x0, {0x4543698, 0xc000146d20}, 0xc00015f700)
	/usr/local/go/src/net/http/server.go:2425 +0x149
net/http.serverHandler.ServeHTTP({0xc0003d6840}, {0x4543698, 0xc000146d20}, 0xc00015f700)
	/usr/local/go/src/net/http/server.go:2879 +0x43b
net/http.(*conn).serve(0xc00010e6e0, {0x4544f60, 0xc00009b560})
	/usr/local/go/src/net/http/server.go:1930 +0xb08
created by net/http.(*Server).Serve
	/usr/local/go/src/net/http/server.go:3034 +0x4e8
2022/02/05 21:29:55 server.go:3160: http: panic serving 127.0.0.1:61631: template: index.html:7: bad character U+003C '<'
goroutine 7 [running]:
net/http.(*conn).serve.func1()
	/usr/local/go/src/net/http/server.go:1802 +0xb9
panic({0x4469c80, 0xc0000a2880})
	/usr/local/go/src/runtime/panic.go:1047 +0x266
html/template.Must(...)
	/usr/local/go/src/html/template/template.go:374
todo/app/controllers.generateHTML({0x45432d8, 0xc0000bc380}, {0x44a9980, 0xc000095800}, {0xc000187888, 0x3, 0x10})
	/Users/naoya/desktop/MyGo/src/todo_app/app/controllers/server.go:17 +0xf9
todo/app/controllers.index({0x45432d8, 0xc0000bc380}, 0x0)
	/Users/naoya/desktop/MyGo/src/todo_app/app/controllers/route_main.go:28 +0x328
net/http.HandlerFunc.ServeHTTP(0x0, {0x45432d8, 0xc0000bc380}, 0x0)
	/usr/local/go/src/net/http/server.go:2047 +0x2f
net/http.(*ServeMux).ServeHTTP(0x0, {0x45432d8, 0xc0000bc380}, 0xc0000a6600)
	/usr/local/go/src/net/http/server.go:2425 +0x149
net/http.serverHandler.ServeHTTP({0xc000115650}, {0x45432d8, 0xc0000bc380}, 0xc0000a6600)
	/usr/local/go/src/net/http/server.go:2879 +0x43b
net/http.(*conn).serve(0xc000125400, {0x4544ba0, 0xc000115560})
	/usr/local/go/src/net/http/server.go:1930 +0xb08
created by net/http.(*Server).Serve
	/usr/local/go/src/net/http/server.go:3034 +0x4e8
2022/02/05 21:29:55 server.go:3160: http: panic serving 127.0.0.1:61632: template: index.html:7: bad character U+003C '<'
goroutine 18 [running]:
net/http.(*conn).serve.func1()
	/usr/local/go/src/net/http/server.go:1802 +0xb9
panic({0x4469c80, 0xc000218710})
	/usr/local/go/src/runtime/panic.go:1047 +0x266
html/template.Must(...)
	/usr/local/go/src/html/template/template.go:374
todo/app/controllers.generateHTML({0x45432d8, 0xc00021c380}, {0x44a9980, 0xc000234680}, {0xc00012d888, 0x3, 0x10})
	/Users/naoya/desktop/MyGo/src/todo_app/app/controllers/server.go:17 +0xf9
todo/app/controllers.index({0x45432d8, 0xc00021c380}, 0x0)
	/Users/naoya/desktop/MyGo/src/todo_app/app/controllers/route_main.go:28 +0x328
net/http.HandlerFunc.ServeHTTP(0x0, {0x45432d8, 0xc00021c380}, 0x0)
	/usr/local/go/src/net/http/server.go:2047 +0x2f
net/http.(*ServeMux).ServeHTTP(0x0, {0x45432d8, 0xc00021c380}, 0xc000164400)
	/usr/local/go/src/net/http/server.go:2425 +0x149
net/http.serverHandler.ServeHTTP({0xc000096090}, {0x45432d8, 0xc00021c380}, 0xc000164400)
	/usr/local/go/src/net/http/server.go:2879 +0x43b
net/http.(*conn).serve(0xc00009a000, {0x4544ba0, 0xc000115560})
	/usr/local/go/src/net/http/server.go:1930 +0xb08
created by net/http.(*Server).Serve
	/usr/local/go/src/net/http/server.go:3034 +0x4e8
2022/02/05 21:29:55 server.go:3160: http: panic serving 127.0.0.1:61633: template: index.html:7: bad character U+003C '<'
goroutine 11 [running]:
net/http.(*conn).serve.func1()
	/usr/local/go/src/net/http/server.go:1802 +0xb9
panic({0x4469c80, 0xc000013470})
	/usr/local/go/src/runtime/panic.go:1047 +0x266
html/template.Must(...)
	/usr/local/go/src/html/template/template.go:374
todo/app/controllers.generateHTML({0x45432d8, 0xc0001721c0}, {0x44a9980, 0xc000024580}, {0xc000127888, 0x3, 0x10})
	/Users/naoya/desktop/MyGo/src/todo_app/app/controllers/server.go:17 +0xf9
todo/app/controllers.index({0x45432d8, 0xc0001721c0}, 0x0)
	/Users/naoya/desktop/MyGo/src/todo_app/app/controllers/route_main.go:28 +0x328
net/http.HandlerFunc.ServeHTTP(0x0, {0x45432d8, 0xc0001721c0}, 0x0)
	/usr/local/go/src/net/http/server.go:2047 +0x2f
net/http.(*ServeMux).ServeHTTP(0x0, {0x45432d8, 0xc0001721c0}, 0xc000164500)
	/usr/local/go/src/net/http/server.go:2425 +0x149
net/http.serverHandler.ServeHTTP({0xc0001940f0}, {0x45432d8, 0xc0001721c0}, 0xc000164500)
	/usr/local/go/src/net/http/server.go:2879 +0x43b
net/http.(*conn).serve(0xc0001255e0, {0x4544ba0, 0xc000115560})
	/usr/local/go/src/net/http/server.go:1930 +0xb08
created by net/http.(*Server).Serve
	/usr/local/go/src/net/http/server.go:3034 +0x4e8
2022/02/05 21:29:56 server.go:3160: http: panic serving 127.0.0.1:61634: template: index.html:7: bad character U+003C '<'
goroutine 30 [running]:
net/http.(*conn).serve.func1()
	/usr/local/go/src/net/http/server.go:1802 +0xb9
panic({0x4469c80, 0xc0000a2ba0})
	/usr/local/go/src/runtime/panic.go:1047 +0x266
html/template.Must(...)
	/usr/local/go/src/html/template/template.go:374
todo/app/controllers.generateHTML({0x45432d8, 0xc0000bc460}, {0x44a9980, 0xc000095d00}, {0xc00028d888, 0x3, 0x10})
	/Users/naoya/desktop/MyGo/src/todo_app/app/controllers/server.go:17 +0xf9
todo/app/controllers.index({0x45432d8, 0xc0000bc460}, 0x0)
	/Users/naoya/desktop/MyGo/src/todo_app/app/controllers/route_main.go:28 +0x328
net/http.HandlerFunc.ServeHTTP(0x0, {0x45432d8, 0xc0000bc460}, 0x0)
	/usr/local/go/src/net/http/server.go:2047 +0x2f
net/http.(*ServeMux).ServeHTTP(0x0, {0x45432d8, 0xc0000bc460}, 0xc0000a6700)
	/usr/local/go/src/net/http/server.go:2425 +0x149
net/http.serverHandler.ServeHTTP({0xc000284000}, {0x45432d8, 0xc0000bc460}, 0xc0000a6700)
	/usr/local/go/src/net/http/server.go:2879 +0x43b
net/http.(*conn).serve(0xc00009a3c0, {0x4544ba0, 0xc000115560})
	/usr/local/go/src/net/http/server.go:1930 +0xb08
created by net/http.(*Server).Serve
	/usr/local/go/src/net/http/server.go:3034 +0x4e8
2022/02/05 21:30:01 server.go:3160: http: panic serving 127.0.0.1:61635: template: index.html:7: bad character U+003C '<'
goroutine 46 [running]:
net/http.(*conn).serve.func1()
	/usr/local/go/src/net/http/server.go:1802 +0xb9
panic({0x4469c80, 0xc000218a40})
	/usr/local/go/src/runtime/panic.go:1047 +0x266
html/template.Must(...)
	/usr/local/go/src/html/template/template.go:374
todo/app/controllers.generateHTML({0x45432d8, 0xc00021c460}, {0x44a9980, 0xc000234c80}, {0xc00012d888, 0x3, 0x10})
	/Users/naoya/desktop/MyGo/src/todo_app/app/controllers/server.go:17 +0xf9
todo/app/controllers.index({0x45432d8, 0xc00021c460}, 0x0)
	/Users/naoya/desktop/MyGo/src/todo_app/app/controllers/route_main.go:28 +0x328
net/http.HandlerFunc.ServeHTTP(0x0, {0x45432d8, 0xc00021c460}, 0x0)
	/usr/local/go/src/net/http/server.go:2047 +0x2f
net/http.(*ServeMux).ServeHTTP(0x0, {0x45432d8, 0xc00021c460}, 0xc000220700)
	/usr/local/go/src/net/http/server.go:2425 +0x149
net/http.serverHandler.ServeHTTP({0xc00027e030}, {0x45432d8, 0xc00021c460}, 0xc000220700)
	/usr/local/go/src/net/http/server.go:2879 +0x43b
net/http.(*conn).serve(0xc000252140, {0x4544ba0, 0xc000115560})
	/usr/local/go/src/net/http/server.go:1930 +0xb08
created by net/http.(*Server).Serve
	/usr/local/go/src/net/http/server.go:3034 +0x4e8
2022/02/05 21:30:01 server.go:3160: http: panic serving 127.0.0.1:61636: template: index.html:7: bad character U+003C '<'
goroutine 16 [running]:
net/http.(*conn).serve.func1()
	/usr/local/go/src/net/http/server.go:1802 +0xb9
panic({0x4469c80, 0xc000218b80})
	/usr/local/go/src/runtime/panic.go:1047 +0x266
html/template.Must(...)
	/usr/local/go/src/html/template/template.go:374
todo/app/controllers.generateHTML({0x45432d8, 0xc0000bc540}, {0x44a9980, 0xc0002ac180}, {0xc00028d888, 0x3, 0x10})
	/Users/naoya/desktop/MyGo/src/todo_app/app/controllers/server.go:17 +0xf9
todo/app/controllers.index({0x45432d8, 0xc0000bc540}, 0x0)
	/Users/naoya/desktop/MyGo/src/todo_app/app/controllers/route_main.go:28 +0x328
net/http.HandlerFunc.ServeHTTP(0x0, {0x45432d8, 0xc0000bc540}, 0x0)
	/usr/local/go/src/net/http/server.go:2047 +0x2f
net/http.(*ServeMux).ServeHTTP(0x0, {0x45432d8, 0xc0000bc540}, 0xc000164700)
	/usr/local/go/src/net/http/server.go:2425 +0x149
net/http.serverHandler.ServeHTTP({0xc000194c60}, {0x45432d8, 0xc0000bc540}, 0xc000164700)
	/usr/local/go/src/net/http/server.go:2879 +0x43b
net/http.(*conn).serve(0xc000125680, {0x4544ba0, 0xc000115560})
	/usr/local/go/src/net/http/server.go:1930 +0xb08
created by net/http.(*Server).Serve
	/usr/local/go/src/net/http/server.go:3034 +0x4e8
2022/02/05 21:30:01 server.go:3160: http: panic serving 127.0.0.1:61637: template: index.html:7: bad character U+003C '<'
goroutine 53 [running]:
net/http.(*conn).serve.func1()
	/usr/local/go/src/net/http/server.go:1802 +0xb9
panic({0x4469c80, 0xc0000a30b0})
	/usr/local/go/src/runtime/panic.go:1047 +0x266
html/template.Must(...)
	/usr/local/go/src/html/template/template.go:374
todo/app/controllers.generateHTML({0x45432d8, 0xc0000bc620}, {0x44a9980, 0xc0002ac580}, {0xc00028d888, 0x3, 0x10})
	/Users/naoya/desktop/MyGo/src/todo_app/app/controllers/server.go:17 +0xf9
todo/app/controllers.index({0x45432d8, 0xc0000bc620}, 0x0)
	/Users/naoya/desktop/MyGo/src/todo_app/app/controllers/route_main.go:28 +0x328
net/http.HandlerFunc.ServeHTTP(0x0, {0x45432d8, 0xc0000bc620}, 0x0)
	/usr/local/go/src/net/http/server.go:2047 +0x2f
net/http.(*ServeMux).ServeHTTP(0x0, {0x45432d8, 0xc0000bc620}, 0xc0000a6a00)
	/usr/local/go/src/net/http/server.go:2425 +0x149
net/http.serverHandler.ServeHTTP({0xc0002851d0}, {0x45432d8, 0xc0000bc620}, 0xc0000a6a00)
	/usr/local/go/src/net/http/server.go:2879 +0x43b
net/http.(*conn).serve(0xc00009a460, {0x4544ba0, 0xc000115560})
	/usr/local/go/src/net/http/server.go:1930 +0xb08
created by net/http.(*Server).Serve
	/usr/local/go/src/net/http/server.go:3034 +0x4e8
2022/02/05 21:30:31 server.go:3160: http: panic serving 127.0.0.1:61640: template: index.html:7: bad character U+003C '<'
goroutine 69 [running]:
net/http.(*conn).serve.func1()
	/usr/local/go/src/net/http/server.go:1802 +0xb9
panic({0x4469c80, 0xc000218eb0})
	/usr/local/go/src/runtime/panic.go:1047 +0x266
html/template.Must(...)
	/usr/local/go/src/html/template/template.go:374
todo/app/controllers.generateHTML({0x45432d8, 0xc00021c540}, {0x44a9980, 0xc000235280}, {0xc00012d888, 0x3, 0x10})
	/Users/naoya/desktop/MyGo/src/todo_app/app/controllers/server.go:17 +0xf9
todo/app/controllers.index({0x45432d8, 0xc00021c540}, 0x0)
	/Users/naoya/desktop/MyGo/src/todo_app/app/controllers/route_main.go:28 +0x328
net/http.HandlerFunc.ServeHTTP(0x0, {0x45432d8, 0xc00021c540}, 0x0)
	/usr/local/go/src/net/http/server.go:2047 +0x2f
net/http.(*ServeMux).ServeHTTP(0x0, {0x45432d8, 0xc00021c540}, 0xc000220900)
	/usr/local/go/src/net/http/server.go:2425 +0x149
net/http.serverHandler.ServeHTTP({0xc00027eff0}, {0x45432d8, 0xc00021c540}, 0xc000220900)
	/usr/local/go/src/net/http/server.go:2879 +0x43b
net/http.(*conn).serve(0xc0002521e0, {0x4544ba0, 0xc000115560})
	/usr/local/go/src/net/http/server.go:1930 +0xb08
created by net/http.(*Server).Serve
	/usr/local/go/src/net/http/server.go:3034 +0x4e8
